{"/home/travis/build/npmtest/node-npmtest-json5/test.js":{"path":"/home/travis/build/npmtest/node-npmtest-json5/test.js","s":{"1":2,"2":2,"3":2,"4":2,"5":2,"6":2,"7":2,"8":1,"9":2,"10":2,"11":1,"12":1,"13":1,"14":1,"15":2,"16":2,"17":2,"18":2,"19":1,"20":1,"21":2,"22":2,"23":2,"24":1,"25":1,"26":1,"27":1,"28":1,"29":1,"30":1,"31":1,"32":1,"33":1,"34":1,"35":1,"36":1,"37":1,"38":1,"39":2,"40":2,"41":1,"42":2,"43":2,"44":1,"45":2,"46":2,"47":1,"48":2,"49":2,"50":1,"51":1,"52":1,"53":1,"54":1},"b":{"1":[2,1,1,1],"2":[1,1,1,1],"3":[1,1],"4":[1,1],"5":[1,1],"6":[1,1],"7":[1,1],"8":[1,1],"9":[1,1],"10":[1,1,1],"11":[1,1],"12":[1,1],"13":[1,1],"14":[1,1],"15":[1,1],"16":[1,1],"17":[1,1]},"f":{"1":2,"2":2,"3":2,"4":2,"5":2,"6":1,"7":1,"8":1,"9":2,"10":2,"11":2,"12":2,"13":1},"fnMap":{"1":{"name":"(anonymous_1)","line":12,"loc":{"start":{"line":12,"column":1},"end":{"line":12,"column":13}}},"2":{"name":"(anonymous_2)","line":19,"loc":{"start":{"line":19,"column":5},"end":{"line":19,"column":17}}},"3":{"name":"(anonymous_3)","line":23,"loc":{"start":{"line":23,"column":24},"end":{"line":23,"column":36}}},"4":{"name":"(anonymous_4)","line":61,"loc":{"start":{"line":61,"column":5},"end":{"line":61,"column":17}}},"5":{"name":"(anonymous_5)","line":82,"loc":{"start":{"line":82,"column":5},"end":{"line":82,"column":17}}},"6":{"name":"(anonymous_6)","line":91,"loc":{"start":{"line":91,"column":77},"end":{"line":94,"column":10}}},"7":{"name":"(anonymous_7)","line":112,"loc":{"start":{"line":112,"column":83},"end":{"line":115,"column":10}},"skip":true},"8":{"name":"(anonymous_8)","line":123,"loc":{"start":{"line":123,"column":77},"end":{"line":126,"column":10}},"skip":true},"9":{"name":"(anonymous_9)","line":139,"loc":{"start":{"line":139,"column":12},"end":{"line":139,"column":40}},"skip":true},"10":{"name":"(anonymous_10)","line":147,"loc":{"start":{"line":147,"column":77},"end":{"line":150,"column":10}},"skip":true},"11":{"name":"(anonymous_11)","line":158,"loc":{"start":{"line":158,"column":83},"end":{"line":161,"column":10}},"skip":true},"12":{"name":"(anonymous_12)","line":169,"loc":{"start":{"line":169,"column":79},"end":{"line":172,"column":10}},"skip":true},"13":{"name":"(anonymous_13)","line":180,"loc":{"start":{"line":180,"column":75},"end":{"line":183,"column":10}},"skip":true}},"statementMap":{"1":{"start":{"line":12,"column":0},"end":{"line":195,"column":5}},"2":{"start":{"line":14,"column":4},"end":{"line":14,"column":14}},"3":{"start":{"line":19,"column":4},"end":{"line":56,"column":9}},"4":{"start":{"line":21,"column":8},"end":{"line":21,"column":19}},"5":{"start":{"line":23,"column":8},"end":{"line":35,"column":13}},"6":{"start":{"line":24,"column":12},"end":{"line":34,"column":13}},"7":{"start":{"line":25,"column":16},"end":{"line":28,"column":30}},"8":{"start":{"line":30,"column":16},"end":{"line":33,"column":27}},"9":{"start":{"line":37,"column":8},"end":{"line":39,"column":21}},"10":{"start":{"line":40,"column":8},"end":{"line":53,"column":9}},"11":{"start":{"line":43,"column":12},"end":{"line":46,"column":14}},"12":{"start":{"line":47,"column":12},"end":{"line":47,"column":18}},"13":{"start":{"line":50,"column":12},"end":{"line":51,"column":33}},"14":{"start":{"line":52,"column":12},"end":{"line":52,"column":18}},"15":{"start":{"line":55,"column":8},"end":{"line":55,"column":35}},"16":{"start":{"line":61,"column":4},"end":{"line":63,"column":9}},"17":{"start":{"line":62,"column":8},"end":{"line":62,"column":15}},"18":{"start":{"line":64,"column":4},"end":{"line":77,"column":5}},"19":{"start":{"line":70,"column":8},"end":{"line":70,"column":14}},"20":{"start":{"line":76,"column":8},"end":{"line":76,"column":14}},"21":{"start":{"line":82,"column":4},"end":{"line":84,"column":9}},"22":{"start":{"line":83,"column":8},"end":{"line":83,"column":15}},"23":{"start":{"line":85,"column":4},"end":{"line":194,"column":5}},"24":{"start":{"line":91,"column":8},"end":{"line":99,"column":10}},"25":{"start":{"line":98,"column":12},"end":{"line":98,"column":35}},"26":{"start":{"line":102,"column":8},"end":{"line":104,"column":63}},"27":{"start":{"line":105,"column":8},"end":{"line":105,"column":14}},"28":{"start":{"line":112,"column":8},"end":{"line":121,"column":10},"skip":true},"29":{"start":{"line":119,"column":12},"end":{"line":119,"column":55},"skip":true},"30":{"start":{"line":120,"column":12},"end":{"line":120,"column":48},"skip":true},"31":{"start":{"line":123,"column":8},"end":{"line":136,"column":10},"skip":true},"32":{"start":{"line":130,"column":12},"end":{"line":130,"column":76},"skip":true},"33":{"start":{"line":131,"column":12},"end":{"line":131,"column":73},"skip":true},"34":{"start":{"line":132,"column":12},"end":{"line":132,"column":74},"skip":true},"35":{"start":{"line":133,"column":12},"end":{"line":133,"column":79},"skip":true},"36":{"start":{"line":134,"column":12},"end":{"line":134,"column":25},"skip":true},"37":{"start":{"line":135,"column":12},"end":{"line":135,"column":45},"skip":true},"38":{"start":{"line":138,"column":8},"end":{"line":145,"column":14},"skip":true},"39":{"start":{"line":143,"column":16},"end":{"line":143,"column":29},"skip":true},"40":{"start":{"line":144,"column":16},"end":{"line":144,"column":55},"skip":true},"41":{"start":{"line":147,"column":8},"end":{"line":156,"column":10},"skip":true},"42":{"start":{"line":154,"column":12},"end":{"line":154,"column":25},"skip":true},"43":{"start":{"line":155,"column":12},"end":{"line":155,"column":45},"skip":true},"44":{"start":{"line":158,"column":8},"end":{"line":167,"column":10},"skip":true},"45":{"start":{"line":165,"column":12},"end":{"line":165,"column":25},"skip":true},"46":{"start":{"line":166,"column":12},"end":{"line":166,"column":48},"skip":true},"47":{"start":{"line":169,"column":8},"end":{"line":178,"column":10},"skip":true},"48":{"start":{"line":176,"column":12},"end":{"line":176,"column":25},"skip":true},"49":{"start":{"line":177,"column":12},"end":{"line":177,"column":46},"skip":true},"50":{"start":{"line":180,"column":8},"end":{"line":189,"column":10},"skip":true},"51":{"start":{"line":187,"column":12},"end":{"line":187,"column":94},"skip":true},"52":{"start":{"line":188,"column":12},"end":{"line":188,"column":48},"skip":true},"53":{"start":{"line":192,"column":8},"end":{"line":192,"column":35},"skip":true},"54":{"start":{"line":193,"column":8},"end":{"line":193,"column":14},"skip":true}},"branchMap":{"1":{"line":25,"type":"binary-expr","locations":[{"start":{"line":25,"column":23},"end":{"line":25,"column":62}},{"start":{"line":26,"column":20},"end":{"line":26,"column":70}},{"start":{"line":27,"column":20},"end":{"line":27,"column":71}},{"start":{"line":28,"column":20},"end":{"line":28,"column":29}}]},"2":{"line":30,"type":"binary-expr","locations":[{"start":{"line":30,"column":23},"end":{"line":30,"column":37}},{"start":{"line":31,"column":20},"end":{"line":31,"column":61}},{"start":{"line":32,"column":20},"end":{"line":32,"column":70}},{"start":{"line":33,"column":20},"end":{"line":33,"column":26}}]},"3":{"line":37,"type":"cond-expr","locations":[{"start":{"line":38,"column":14},"end":{"line":38,"column":20}},{"start":{"line":39,"column":14},"end":{"line":39,"column":20}}]},"4":{"line":40,"type":"switch","locations":[{"start":{"line":42,"column":8},"end":{"line":47,"column":18}},{"start":{"line":49,"column":8},"end":{"line":52,"column":18}}]},"5":{"line":44,"type":"binary-expr","locations":[{"start":{"line":44,"column":16},"end":{"line":44,"column":44}},{"start":{"line":44,"column":48},"end":{"line":44,"column":66}}]},"6":{"line":50,"type":"binary-expr","locations":[{"start":{"line":50,"column":21},"end":{"line":50,"column":49}},{"start":{"line":50,"column":53},"end":{"line":50,"column":72}}]},"7":{"line":64,"type":"switch","locations":[{"start":{"line":69,"column":4},"end":{"line":70,"column":14}},{"start":{"line":75,"column":4},"end":{"line":76,"column":14}}]},"8":{"line":85,"type":"switch","locations":[{"start":{"line":90,"column":4},"end":{"line":105,"column":14}},{"start":{"line":111,"column":4},"end":{"line":193,"column":14},"skip":true}]},"9":{"line":91,"type":"binary-expr","locations":[{"start":{"line":91,"column":42},"end":{"line":91,"column":73}},{"start":{"line":91,"column":77},"end":{"line":99,"column":9}}]},"10":{"line":102,"type":"binary-expr","locations":[{"start":{"line":102,"column":18},"end":{"line":102,"column":32}},{"start":{"line":103,"column":12},"end":{"line":103,"column":53}},{"start":{"line":104,"column":12},"end":{"line":104,"column":61}}]},"11":{"line":112,"type":"binary-expr","locations":[{"start":{"line":112,"column":45},"end":{"line":112,"column":79},"skip":true},{"start":{"line":112,"column":83},"end":{"line":121,"column":9},"skip":true}]},"12":{"line":123,"type":"binary-expr","locations":[{"start":{"line":123,"column":42},"end":{"line":123,"column":73},"skip":true},{"start":{"line":123,"column":77},"end":{"line":136,"column":9},"skip":true}]},"13":{"line":138,"type":"binary-expr","locations":[{"start":{"line":138,"column":48},"end":{"line":138,"column":85},"skip":true},{"start":{"line":139,"column":12},"end":{"line":145,"column":13},"skip":true}]},"14":{"line":147,"type":"binary-expr","locations":[{"start":{"line":147,"column":42},"end":{"line":147,"column":73},"skip":true},{"start":{"line":147,"column":77},"end":{"line":156,"column":9},"skip":true}]},"15":{"line":158,"type":"binary-expr","locations":[{"start":{"line":158,"column":45},"end":{"line":158,"column":79},"skip":true},{"start":{"line":158,"column":83},"end":{"line":167,"column":9},"skip":true}]},"16":{"line":169,"type":"binary-expr","locations":[{"start":{"line":169,"column":43},"end":{"line":169,"column":75},"skip":true},{"start":{"line":169,"column":79},"end":{"line":178,"column":9},"skip":true}]},"17":{"line":180,"type":"binary-expr","locations":[{"start":{"line":180,"column":41},"end":{"line":180,"column":71},"skip":true},{"start":{"line":180,"column":75},"end":{"line":189,"column":9},"skip":true}]}},"code":["/* istanbul instrument in package npmtest_json5 */","/*jslint","    bitwise: true,","    browser: true,","    maxerr: 8,","    maxlen: 96,","    node: true,","    nomen: true,","    regexp: true,","    stupid: true","*/","(function () {","    'use strict';","    var local;","","","","    // run shared js-env code - pre-init","    (function () {","        // init local","        local = {};","        // init modeJs","        local.modeJs = (function () {","            try {","                return typeof navigator.userAgent === 'string' &&","                    typeof document.querySelector('body') === 'object' &&","                    typeof XMLHttpRequest.prototype.open === 'function' &&","                    'browser';","            } catch (errorCaughtBrowser) {","                return module.exports &&","                    typeof process.versions.node === 'string' &&","                    typeof require('http').createServer === 'function' &&","                    'node';","            }","        }());","        // init global","        local.global = local.modeJs === 'browser'","            ? window","            : global;","        switch (local.modeJs) {","        // re-init local from window.local","        case 'browser':","            local = local.global.utility2.objectSetDefault(","                local.global.utility2_rollup || local.global.local,","                local.global.utility2","            );","            break;","        // re-init local from example.js","        case 'node':","            local = (local.global.utility2_rollup || require('utility2'))","                .requireReadme();","            break;","        }","        // export local","        local.global.local = local;","    }());","","","","    // run shared js-env code - function","    (function () {","        return;","    }());","    switch (local.modeJs) {","","","","    // run browser js-env code - function","    case 'browser':","        break;","","","","    // run node js-env code - function","    case 'node':","        break;","    }","","","","    // run shared js-env code - post-init","    (function () {","        return;","    }());","    switch (local.modeJs) {","","","","    // run browser js-env code - post-init","    case 'browser':","        local.testCase_browser_nullCase = local.testCase_browser_nullCase || function (","            options,","            onError","        ) {","        /*","         * this function will test browsers's null-case handling-behavior-behavior","         */","            onError(null, options);","        };","","        // run tests","        local.nop(local.modeTest &&","            document.querySelector('#testRunButton1') &&","            document.querySelector('#testRunButton1').click());","        break;","","","","    // run node js-env code - post-init","    /* istanbul ignore next */","    case 'node':","        local.testCase_buildApidoc_default = local.testCase_buildApidoc_default || function (","            options,","            onError","        ) {","        /*","         * this function will test buildApidoc's default handling-behavior-behavior","         */","            options = { modulePathList: module.paths };","            local.buildApidoc(options, onError);","        };","","        local.testCase_buildApp_default = local.testCase_buildApp_default || function (","            options,","            onError","        ) {","        /*","         * this function will test buildApp's default handling-behavior-behavior","         */","            local.testCase_buildReadme_default(options, local.onErrorThrow);","            local.testCase_buildLib_default(options, local.onErrorThrow);","            local.testCase_buildTest_default(options, local.onErrorThrow);","            local.testCase_buildCustomOrg_default(options, local.onErrorThrow);","            options = [];","            local.buildApp(options, onError);","        };","","        local.testCase_buildCustomOrg_default = local.testCase_buildCustomOrg_default ||","            function (options, onError) {","            /*","             * this function will test buildCustomOrg's default handling-behavior","             */","                options = {};","                local.buildCustomOrg(options, onError);","            };","","        local.testCase_buildLib_default = local.testCase_buildLib_default || function (","            options,","            onError","        ) {","        /*","         * this function will test buildLib's default handling-behavior","         */","            options = {};","            local.buildLib(options, onError);","        };","","        local.testCase_buildReadme_default = local.testCase_buildReadme_default || function (","            options,","            onError","        ) {","        /*","         * this function will test buildReadme's default handling-behavior-behavior","         */","            options = {};","            local.buildReadme(options, onError);","        };","","        local.testCase_buildTest_default = local.testCase_buildTest_default || function (","            options,","            onError","        ) {","        /*","         * this function will test buildTest's default handling-behavior","         */","            options = {};","            local.buildTest(options, onError);","        };","","        local.testCase_webpage_default = local.testCase_webpage_default || function (","            options,","            onError","        ) {","        /*","         * this function will test webpage's default handling-behavior","         */","            options = { modeCoverageMerge: true, url: local.serverLocalHost + '?modeTest=1' };","            local.browserTest(options, onError);","        };","","        // run test-server","        local.testRunServer(local);","        break;","    }","}());",""],"l":{"12":2,"14":2,"19":2,"21":2,"23":2,"24":2,"25":2,"30":1,"37":2,"40":2,"43":1,"47":1,"50":1,"52":1,"55":2,"61":2,"62":2,"64":2,"70":1,"76":1,"82":2,"83":2,"85":2,"91":1,"98":1,"102":1,"105":1,"112":1,"119":1,"120":1,"123":1,"130":1,"131":1,"132":1,"133":1,"134":1,"135":1,"138":1,"143":2,"144":2,"147":1,"154":2,"155":2,"158":1,"165":2,"166":2,"169":1,"176":2,"177":2,"180":1,"187":1,"188":1,"192":1,"193":1}},"/home/travis/build/npmtest/node-npmtest-json5/lib.npmtest_json5.js":{"path":"/home/travis/build/npmtest/node-npmtest-json5/lib.npmtest_json5.js","s":{"1":2,"2":2,"3":2,"4":2,"5":2,"6":2,"7":2,"8":1,"9":2,"10":2,"11":2,"12":2,"13":1,"14":1,"15":1,"16":1},"b":{"1":[2,1,1,1],"2":[1,1,1,1],"3":[1,1],"4":[2,2],"5":[1,1]},"f":{"1":2,"2":2,"3":2},"fnMap":{"1":{"name":"(anonymous_1)","line":12,"loc":{"start":{"line":12,"column":1},"end":{"line":12,"column":13}}},"2":{"name":"(anonymous_2)","line":19,"loc":{"start":{"line":19,"column":5},"end":{"line":19,"column":17}}},"3":{"name":"(anonymous_3)","line":23,"loc":{"start":{"line":23,"column":24},"end":{"line":23,"column":36}}}},"statementMap":{"1":{"start":{"line":12,"column":0},"end":{"line":53,"column":5}},"2":{"start":{"line":14,"column":4},"end":{"line":14,"column":14}},"3":{"start":{"line":19,"column":4},"end":{"line":52,"column":9}},"4":{"start":{"line":21,"column":8},"end":{"line":21,"column":19}},"5":{"start":{"line":23,"column":8},"end":{"line":35,"column":13}},"6":{"start":{"line":24,"column":12},"end":{"line":34,"column":13}},"7":{"start":{"line":25,"column":16},"end":{"line":28,"column":30}},"8":{"start":{"line":30,"column":16},"end":{"line":33,"column":27}},"9":{"start":{"line":37,"column":8},"end":{"line":39,"column":21}},"10":{"start":{"line":41,"column":8},"end":{"line":41,"column":54}},"11":{"start":{"line":43,"column":8},"end":{"line":43,"column":50}},"12":{"start":{"line":45,"column":8},"end":{"line":51,"column":9}},"13":{"start":{"line":46,"column":12},"end":{"line":46,"column":56}},"14":{"start":{"line":48,"column":12},"end":{"line":48,"column":35}},"15":{"start":{"line":49,"column":12},"end":{"line":49,"column":49}},"16":{"start":{"line":50,"column":12},"end":{"line":50,"column":43}}},"branchMap":{"1":{"line":25,"type":"binary-expr","locations":[{"start":{"line":25,"column":23},"end":{"line":25,"column":62}},{"start":{"line":26,"column":20},"end":{"line":26,"column":70}},{"start":{"line":27,"column":20},"end":{"line":27,"column":71}},{"start":{"line":28,"column":20},"end":{"line":28,"column":29}}]},"2":{"line":30,"type":"binary-expr","locations":[{"start":{"line":30,"column":23},"end":{"line":30,"column":37}},{"start":{"line":31,"column":20},"end":{"line":31,"column":61}},{"start":{"line":32,"column":20},"end":{"line":32,"column":70}},{"start":{"line":33,"column":20},"end":{"line":33,"column":26}}]},"3":{"line":37,"type":"cond-expr","locations":[{"start":{"line":38,"column":14},"end":{"line":38,"column":20}},{"start":{"line":39,"column":14},"end":{"line":39,"column":20}}]},"4":{"line":41,"type":"binary-expr","locations":[{"start":{"line":41,"column":16},"end":{"line":41,"column":44}},{"start":{"line":41,"column":48},"end":{"line":41,"column":53}}]},"5":{"line":45,"type":"if","locations":[{"start":{"line":45,"column":8},"end":{"line":45,"column":8}},{"start":{"line":45,"column":8},"end":{"line":45,"column":8}}]}},"code":["/* istanbul instrument in package npmtest_json5 */","/*jslint","    bitwise: true,","    browser: true,","    maxerr: 8,","    maxlen: 96,","    node: true,","    nomen: true,","    regexp: true,","    stupid: true","*/","(function () {","    'use strict';","    var local;","","","","    // run shared js-env code - pre-init","    (function () {","        // init local","        local = {};","        // init modeJs","        local.modeJs = (function () {","            try {","                return typeof navigator.userAgent === 'string' &&","                    typeof document.querySelector('body') === 'object' &&","                    typeof XMLHttpRequest.prototype.open === 'function' &&","                    'browser';","            } catch (errorCaughtBrowser) {","                return module.exports &&","                    typeof process.versions.node === 'string' &&","                    typeof require('http').createServer === 'function' &&","                    'node';","            }","        }());","        // init global","        local.global = local.modeJs === 'browser'","            ? window","            : global;","        // init utility2_rollup","        local = local.global.utility2_rollup || local;","        // init lib","        local.local = local.npmtest_json5 = local;","        // init exports","        if (local.modeJs === 'browser') {","            local.global.utility2_npmtest_json5 = local;","        } else {","            module.exports = local;","            module.exports.__dirname = __dirname;","            module.exports.module = module;","        }","    }());","}());",""],"l":{"12":2,"14":2,"19":2,"21":2,"23":2,"24":2,"25":2,"30":1,"37":2,"41":2,"43":2,"45":2,"46":1,"48":1,"49":1,"50":1}},"/home/travis/build/npmtest/node-npmtest-json5/example.js":{"path":"/home/travis/build/npmtest/node-npmtest-json5/example.js","s":{"1":2,"2":2,"3":2,"4":2,"5":2,"6":2,"7":2,"8":1,"9":2,"10":2,"11":2,"12":2,"13":1,"14":2,"15":2,"16":2,"17":2,"18":2,"19":0,"20":2,"21":1,"22":1,"23":1,"24":1,"25":1,"26":0,"27":0,"28":1,"29":1,"30":2,"31":0,"32":0,"33":0,"34":1,"35":2,"36":2,"37":3,"38":3,"39":3,"40":3,"41":0,"42":3,"43":3,"44":3,"45":1,"46":3,"47":1,"48":1,"49":1,"50":1,"51":1,"52":1,"53":1,"54":1,"55":1,"56":1,"57":0,"58":1,"59":6,"60":6,"61":1,"62":2,"63":0,"64":2,"65":1,"66":1,"67":0,"68":0,"69":0,"70":0,"71":0,"72":0,"73":0,"74":0,"75":0,"76":0,"77":0,"78":0,"79":0,"80":0,"81":0,"82":0,"83":0},"b":{"1":[2,1,1,1],"2":[1,1,1,1],"3":[1,1],"4":[2,2],"5":[1,1],"6":[1,1],"7":[2,0],"8":[2,1,1,1,1,1],"9":[0,2,0],"10":[1,1],"11":[2,1,1],"12":[1,0],"13":[0,2],"14":[2,0,0,0,0,0,0],"15":[0,3],"16":[3,0],"17":[1,1],"18":[0,1],"19":[1,2,0,2],"20":[1,0],"21":[1,1],"22":[0,0],"23":[0,0],"24":[0,0],"25":[0,0],"26":[0,0],"27":[0,0],"28":[0,0]},"f":{"1":2,"2":2,"3":2,"4":2,"5":2,"6":2,"7":3,"8":3,"9":3,"10":1,"11":6,"12":0},"fnMap":{"1":{"name":"(anonymous_1)","line":26,"loc":{"start":{"line":26,"column":1},"end":{"line":26,"column":13}}},"2":{"name":"(anonymous_2)","line":33,"loc":{"start":{"line":33,"column":5},"end":{"line":33,"column":17}}},"3":{"name":"(anonymous_3)","line":37,"loc":{"start":{"line":37,"column":24},"end":{"line":37,"column":36}}},"4":{"name":"(anonymous_4)","line":69,"loc":{"start":{"line":69,"column":31},"end":{"line":69,"column":48}},"skip":true},"5":{"name":"(anonymous_5)","line":78,"loc":{"start":{"line":78,"column":26},"end":{"line":78,"column":45}},"skip":true},"6":{"name":"(anonymous_6)","line":123,"loc":{"start":{"line":123,"column":33},"end":{"line":123,"column":48}},"skip":true},"7":{"name":"(anonymous_7)","line":125,"loc":{"start":{"line":125,"column":27},"end":{"line":125,"column":39}},"skip":true},"8":{"name":"(anonymous_8)","line":133,"loc":{"start":{"line":133,"column":59},"end":{"line":133,"column":74}},"skip":true},"9":{"name":"(anonymous_9)","line":143,"loc":{"start":{"line":143,"column":45},"end":{"line":143,"column":62}},"skip":true},"10":{"name":"(anonymous_10)","line":144,"loc":{"start":{"line":144,"column":73},"end":{"line":144,"column":92}},"skip":true},"11":{"name":"(anonymous_11)","line":272,"loc":{"start":{"line":272,"column":51},"end":{"line":272,"column":77}},"skip":true},"12":{"name":"(anonymous_12)","line":315,"loc":{"start":{"line":315,"column":32},"end":{"line":315,"column":61}},"skip":true}},"statementMap":{"1":{"start":{"line":26,"column":0},"end":{"line":326,"column":5}},"2":{"start":{"line":28,"column":4},"end":{"line":28,"column":14}},"3":{"start":{"line":33,"column":4},"end":{"line":60,"column":9}},"4":{"start":{"line":35,"column":8},"end":{"line":35,"column":19}},"5":{"start":{"line":37,"column":8},"end":{"line":49,"column":13}},"6":{"start":{"line":38,"column":12},"end":{"line":48,"column":13}},"7":{"start":{"line":39,"column":16},"end":{"line":42,"column":30}},"8":{"start":{"line":44,"column":16},"end":{"line":47,"column":27}},"9":{"start":{"line":51,"column":8},"end":{"line":53,"column":21}},"10":{"start":{"line":55,"column":8},"end":{"line":57,"column":45}},"11":{"start":{"line":59,"column":8},"end":{"line":59,"column":35}},"12":{"start":{"line":61,"column":4},"end":{"line":325,"column":5}},"13":{"start":{"line":69,"column":8},"end":{"line":121,"column":10},"skip":true},"14":{"start":{"line":70,"column":12},"end":{"line":88,"column":13},"skip":true},"15":{"start":{"line":76,"column":16},"end":{"line":87,"column":19},"skip":true},"16":{"start":{"line":79,"column":20},"end":{"line":86,"column":21},"skip":true},"17":{"start":{"line":82,"column":24},"end":{"line":82,"column":43},"skip":true},"18":{"start":{"line":83,"column":24},"end":{"line":83,"column":30},"skip":true},"19":{"start":{"line":85,"column":24},"end":{"line":85,"column":49},"skip":true},"20":{"start":{"line":89,"column":12},"end":{"line":107,"column":13},"skip":true},"21":{"start":{"line":92,"column":16},"end":{"line":102,"column":17},"skip":true},"22":{"start":{"line":93,"column":20},"end":{"line":93,"column":86},"skip":true},"23":{"start":{"line":94,"column":20},"end":{"line":95,"column":45},"skip":true},"24":{"start":{"line":96,"column":20},"end":{"line":96,"column":42},"skip":true},"25":{"start":{"line":97,"column":20},"end":{"line":97,"column":48},"skip":true},"26":{"start":{"line":100,"column":20},"end":{"line":100,"column":85},"skip":true},"27":{"start":{"line":101,"column":20},"end":{"line":101,"column":96},"skip":true},"28":{"start":{"line":103,"column":16},"end":{"line":103,"column":22},"skip":true},"29":{"start":{"line":106,"column":16},"end":{"line":106,"column":22},"skip":true},"30":{"start":{"line":108,"column":12},"end":{"line":120,"column":13},"skip":true},"31":{"start":{"line":114,"column":16},"end":{"line":119,"column":17},"skip":true},"32":{"start":{"line":116,"column":20},"end":{"line":116,"column":78},"skip":true},"33":{"start":{"line":118,"column":20},"end":{"line":118,"column":47},"skip":true},"34":{"start":{"line":123,"column":8},"end":{"line":141,"column":11},"skip":true},"35":{"start":{"line":124,"column":12},"end":{"line":124,"column":54},"skip":true},"36":{"start":{"line":125,"column":12},"end":{"line":140,"column":14},"skip":true},"37":{"start":{"line":126,"column":16},"end":{"line":126,"column":28},"skip":true},"38":{"start":{"line":127,"column":16},"end":{"line":127,"column":69},"skip":true},"39":{"start":{"line":128,"column":16},"end":{"line":128,"column":75},"skip":true},"40":{"start":{"line":129,"column":16},"end":{"line":131,"column":17},"skip":true},"41":{"start":{"line":130,"column":20},"end":{"line":130,"column":27},"skip":true},"42":{"start":{"line":133,"column":16},"end":{"line":137,"column":36},"skip":true},"43":{"start":{"line":134,"column":20},"end":{"line":136,"column":55},"skip":true},"44":{"start":{"line":139,"column":16},"end":{"line":139,"column":57},"skip":true},"45":{"start":{"line":143,"column":8},"end":{"line":147,"column":11},"skip":true},"46":{"start":{"line":144,"column":12},"end":{"line":146,"column":15},"skip":true},"47":{"start":{"line":145,"column":16},"end":{"line":145,"column":70},"skip":true},"48":{"start":{"line":149,"column":8},"end":{"line":149,"column":31},"skip":true},"49":{"start":{"line":150,"column":8},"end":{"line":150,"column":14},"skip":true},"50":{"start":{"line":158,"column":8},"end":{"line":158,"column":31},"skip":true},"51":{"start":{"line":160,"column":8},"end":{"line":160,"column":33},"skip":true},"52":{"start":{"line":161,"column":8},"end":{"line":161,"column":37},"skip":true},"53":{"start":{"line":162,"column":8},"end":{"line":162,"column":35},"skip":true},"54":{"start":{"line":164,"column":8},"end":{"line":164,"column":50},"skip":true},"55":{"start":{"line":166,"column":8},"end":{"line":256,"column":2},"skip":true},"56":{"start":{"line":258,"column":8},"end":{"line":286,"column":9},"skip":true},"57":{"start":{"line":259,"column":12},"end":{"line":269,"column":14},"skip":true},"58":{"start":{"line":271,"column":12},"end":{"line":285,"column":19},"skip":true},"59":{"start":{"line":274,"column":20},"end":{"line":274,"column":35},"skip":true},"60":{"start":{"line":275,"column":20},"end":{"line":284,"column":21},"skip":true},"61":{"start":{"line":277,"column":24},"end":{"line":277,"column":64},"skip":true},"62":{"start":{"line":279,"column":24},"end":{"line":279,"column":40},"skip":true},"63":{"start":{"line":281,"column":24},"end":{"line":281,"column":40},"skip":true},"64":{"start":{"line":283,"column":24},"end":{"line":283,"column":39},"skip":true},"65":{"start":{"line":288,"column":8},"end":{"line":290,"column":9},"skip":true},"66":{"start":{"line":289,"column":12},"end":{"line":289,"column":18},"skip":true},"67":{"start":{"line":291,"column":8},"end":{"line":293,"column":54},"skip":true},"68":{"start":{"line":296,"column":8},"end":{"line":301,"column":37},"skip":true},"69":{"start":{"line":303,"column":8},"end":{"line":303,"column":82},"skip":true},"70":{"start":{"line":306,"column":8},"end":{"line":308,"column":9},"skip":true},"71":{"start":{"line":307,"column":12},"end":{"line":307,"column":82},"skip":true},"72":{"start":{"line":310,"column":8},"end":{"line":312,"column":9},"skip":true},"73":{"start":{"line":311,"column":12},"end":{"line":311,"column":18},"skip":true},"74":{"start":{"line":313,"column":8},"end":{"line":313,"column":54},"skip":true},"75":{"start":{"line":314,"column":8},"end":{"line":314,"column":69},"skip":true},"76":{"start":{"line":315,"column":8},"end":{"line":323,"column":36},"skip":true},"77":{"start":{"line":316,"column":12},"end":{"line":316,"column":61},"skip":true},"78":{"start":{"line":317,"column":12},"end":{"line":320,"column":13},"skip":true},"79":{"start":{"line":318,"column":16},"end":{"line":318,"column":75},"skip":true},"80":{"start":{"line":319,"column":16},"end":{"line":319,"column":23},"skip":true},"81":{"start":{"line":321,"column":12},"end":{"line":321,"column":38},"skip":true},"82":{"start":{"line":322,"column":12},"end":{"line":322,"column":27},"skip":true},"83":{"start":{"line":324,"column":8},"end":{"line":324,"column":14},"skip":true}},"branchMap":{"1":{"line":39,"type":"binary-expr","locations":[{"start":{"line":39,"column":23},"end":{"line":39,"column":62}},{"start":{"line":40,"column":20},"end":{"line":40,"column":70}},{"start":{"line":41,"column":20},"end":{"line":41,"column":71}},{"start":{"line":42,"column":20},"end":{"line":42,"column":29}}]},"2":{"line":44,"type":"binary-expr","locations":[{"start":{"line":44,"column":23},"end":{"line":44,"column":37}},{"start":{"line":45,"column":20},"end":{"line":45,"column":61}},{"start":{"line":46,"column":20},"end":{"line":46,"column":70}},{"start":{"line":47,"column":20},"end":{"line":47,"column":26}}]},"3":{"line":51,"type":"cond-expr","locations":[{"start":{"line":52,"column":14},"end":{"line":52,"column":20}},{"start":{"line":53,"column":14},"end":{"line":53,"column":20}}]},"4":{"line":55,"type":"binary-expr","locations":[{"start":{"line":55,"column":16},"end":{"line":55,"column":44}},{"start":{"line":55,"column":49},"end":{"line":57,"column":43}}]},"5":{"line":55,"type":"cond-expr","locations":[{"start":{"line":56,"column":14},"end":{"line":56,"column":49}},{"start":{"line":57,"column":14},"end":{"line":57,"column":43}}]},"6":{"line":61,"type":"switch","locations":[{"start":{"line":68,"column":4},"end":{"line":150,"column":14},"skip":true},{"start":{"line":156,"column":4},"end":{"line":324,"column":14},"skip":true}]},"7":{"line":70,"type":"if","locations":[{"start":{"line":70,"column":12},"end":{"line":70,"column":12},"skip":true},{"start":{"line":70,"column":12},"end":{"line":70,"column":12},"skip":true}]},"8":{"line":70,"type":"binary-expr","locations":[{"start":{"line":70,"column":16},"end":{"line":70,"column":22},"skip":true},{"start":{"line":70,"column":27},"end":{"line":70,"column":32},"skip":true},{"start":{"line":71,"column":20},"end":{"line":71,"column":39},"skip":true},{"start":{"line":72,"column":20},"end":{"line":72,"column":49},"skip":true},{"start":{"line":73,"column":20},"end":{"line":73,"column":58},"skip":true},{"start":{"line":74,"column":20},"end":{"line":74,"column":69},"skip":true}]},"9":{"line":79,"type":"switch","locations":[{"start":{"line":80,"column":20},"end":{"line":80,"column":33},"skip":true},{"start":{"line":81,"column":20},"end":{"line":83,"column":30},"skip":true},{"start":{"line":84,"column":20},"end":{"line":85,"column":49},"skip":true}]},"10":{"line":89,"type":"switch","locations":[{"start":{"line":90,"column":12},"end":{"line":103,"column":22},"skip":true},{"start":{"line":105,"column":12},"end":{"line":106,"column":22},"skip":true}]},"11":{"line":89,"type":"binary-expr","locations":[{"start":{"line":89,"column":20},"end":{"line":89,"column":25},"skip":true},{"start":{"line":89,"column":29},"end":{"line":89,"column":48},"skip":true},{"start":{"line":89,"column":52},"end":{"line":89,"column":74},"skip":true}]},"12":{"line":92,"type":"if","locations":[{"start":{"line":92,"column":16},"end":{"line":92,"column":16},"skip":true},{"start":{"line":92,"column":16},"end":{"line":92,"column":16},"skip":true}]},"13":{"line":108,"type":"if","locations":[{"start":{"line":108,"column":12},"end":{"line":108,"column":12},"skip":true},{"start":{"line":108,"column":12},"end":{"line":108,"column":12},"skip":true}]},"14":{"line":108,"type":"binary-expr","locations":[{"start":{"line":108,"column":16},"end":{"line":108,"column":61},"skip":true},{"start":{"line":108,"column":66},"end":{"line":108,"column":72},"skip":true},{"start":{"line":108,"column":77},"end":{"line":108,"column":82},"skip":true},{"start":{"line":109,"column":20},"end":{"line":109,"column":39},"skip":true},{"start":{"line":110,"column":20},"end":{"line":110,"column":49},"skip":true},{"start":{"line":111,"column":20},"end":{"line":111,"column":58},"skip":true},{"start":{"line":112,"column":20},"end":{"line":112,"column":68},"skip":true}]},"15":{"line":129,"type":"if","locations":[{"start":{"line":129,"column":16},"end":{"line":129,"column":16},"skip":true},{"start":{"line":129,"column":16},"end":{"line":129,"column":16},"skip":true}]},"16":{"line":134,"type":"cond-expr","locations":[{"start":{"line":135,"column":26},"end":{"line":135,"column":29},"skip":true},{"start":{"line":136,"column":26},"end":{"line":136,"column":54},"skip":true}]},"17":{"line":164,"type":"binary-expr","locations":[{"start":{"line":164,"column":27},"end":{"line":164,"column":43},"skip":true},{"start":{"line":164,"column":47},"end":{"line":164,"column":49},"skip":true}]},"18":{"line":258,"type":"if","locations":[{"start":{"line":258,"column":8},"end":{"line":258,"column":8},"skip":true},{"start":{"line":258,"column":8},"end":{"line":258,"column":8},"skip":true}]},"19":{"line":275,"type":"switch","locations":[{"start":{"line":276,"column":20},"end":{"line":277,"column":64},"skip":true},{"start":{"line":278,"column":20},"end":{"line":279,"column":40},"skip":true},{"start":{"line":280,"column":20},"end":{"line":281,"column":40},"skip":true},{"start":{"line":282,"column":20},"end":{"line":283,"column":39},"skip":true}]},"20":{"line":288,"type":"if","locations":[{"start":{"line":288,"column":8},"end":{"line":288,"column":8},"skip":true},{"start":{"line":288,"column":8},"end":{"line":288,"column":8},"skip":true}]},"21":{"line":288,"type":"binary-expr","locations":[{"start":{"line":288,"column":12},"end":{"line":288,"column":40},"skip":true},{"start":{"line":288,"column":44},"end":{"line":288,"column":67},"skip":true}]},"22":{"line":292,"type":"binary-expr","locations":[{"start":{"line":292,"column":12},"end":{"line":292,"column":50},"skip":true},{"start":{"line":293,"column":12},"end":{"line":293,"column":53},"skip":true}]},"23":{"line":297,"type":"binary-expr","locations":[{"start":{"line":297,"column":12},"end":{"line":297,"column":63},"skip":true},{"start":{"line":298,"column":12},"end":{"line":301,"column":36},"skip":true}]},"24":{"line":303,"type":"binary-expr","locations":[{"start":{"line":303,"column":43},"end":{"line":303,"column":75},"skip":true},{"start":{"line":303,"column":79},"end":{"line":303,"column":81},"skip":true}]},"25":{"line":306,"type":"if","locations":[{"start":{"line":306,"column":8},"end":{"line":306,"column":8},"skip":true},{"start":{"line":306,"column":8},"end":{"line":306,"column":8},"skip":true}]},"26":{"line":310,"type":"if","locations":[{"start":{"line":310,"column":8},"end":{"line":310,"column":8},"skip":true},{"start":{"line":310,"column":8},"end":{"line":310,"column":8},"skip":true}]},"27":{"line":313,"type":"binary-expr","locations":[{"start":{"line":313,"column":27},"end":{"line":313,"column":43},"skip":true},{"start":{"line":313,"column":47},"end":{"line":313,"column":53},"skip":true}]},"28":{"line":317,"type":"if","locations":[{"start":{"line":317,"column":12},"end":{"line":317,"column":12},"skip":true},{"start":{"line":317,"column":12},"end":{"line":317,"column":12},"skip":true}]}},"code":["/*","example.js","","quickstart example","","instruction","    1. save this script as example.js","    2. run the shell command:","        $ npm install npmtest-json5 && PORT=8081 node example.js","    3. play with the browser-demo on http://127.0.0.1:8081","*/","","","","/* istanbul instrument in package npmtest_json5 */","/*jslint","    bitwise: true,","    browser: true,","    maxerr: 8,","    maxlen: 96,","    node: true,","    nomen: true,","    regexp: true,","    stupid: true","*/","(function () {","    'use strict';","    var local;","","","","    // run shared js-env code - pre-init","    (function () {","        // init local","        local = {};","        // init modeJs","        local.modeJs = (function () {","            try {","                return typeof navigator.userAgent === 'string' &&","                    typeof document.querySelector('body') === 'object' &&","                    typeof XMLHttpRequest.prototype.open === 'function' &&","                    'browser';","            } catch (errorCaughtBrowser) {","                return module.exports &&","                    typeof process.versions.node === 'string' &&","                    typeof require('http').createServer === 'function' &&","                    'node';","            }","        }());","        // init global","        local.global = local.modeJs === 'browser'","            ? window","            : global;","        // init utility2_rollup","        local = local.global.utility2_rollup || (local.modeJs === 'browser'","            ? local.global.utility2_npmtest_json5","            : global.utility2_moduleExports);","        // export local","        local.global.local = local;","    }());","    switch (local.modeJs) {","","","","    // post-init","    // run browser js-env code - post-init","    /* istanbul ignore next */","    case 'browser':","        local.testRunBrowser = function (event) {","            if (!event || (event &&","                    event.currentTarget &&","                    event.currentTarget.className &&","                    event.currentTarget.className.includes &&","                    event.currentTarget.className.includes('onreset'))) {","                // reset output","                Array.from(","                    document.querySelectorAll('body > .resettable')","                ).forEach(function (element) {","                    switch (element.tagName) {","                    case 'INPUT':","                    case 'TEXTAREA':","                        element.value = '';","                        break;","                    default:","                        element.textContent = '';","                    }","                });","            }","            switch (event && event.currentTarget && event.currentTarget.id) {","            case 'testRunButton1':","                // show tests","                if (document.querySelector('#testReportDiv1').style.display === 'none') {","                    document.querySelector('#testReportDiv1').style.display = 'block';","                    document.querySelector('#testRunButton1').textContent =","                        'hide internal test';","                    local.modeTest = true;","                    local.testRunDefault(local);","                // hide tests","                } else {","                    document.querySelector('#testReportDiv1').style.display = 'none';","                    document.querySelector('#testRunButton1').textContent = 'run internal test';","                }","                break;","            // custom-case","            default:","                break;","            }","            if (document.querySelector('#inputTextareaEval1') && (!event || (event &&","                    event.currentTarget &&","                    event.currentTarget.className &&","                    event.currentTarget.className.includes &&","                    event.currentTarget.className.includes('oneval')))) {","                // try to eval input-code","                try {","                    /*jslint evil: true*/","                    eval(document.querySelector('#inputTextareaEval1').value);","                } catch (errorCaught) {","                    console.error(errorCaught);","                }","            }","        };","        // log stderr and stdout to #outputTextareaStdout1","        ['error', 'log'].forEach(function (key) {","            console[key + '_original'] = console[key];","            console[key] = function () {","                var element;","                console[key + '_original'].apply(console, arguments);","                element = document.querySelector('#outputTextareaStdout1');","                if (!element) {","                    return;","                }","                // append text to #outputTextareaStdout1","                element.value += Array.from(arguments).map(function (arg) {","                    return typeof arg === 'string'","                        ? arg","                        : JSON.stringify(arg, null, 4);","                }).join(' ') + '\\n';","                // scroll textarea to bottom","                element.scrollTop = element.scrollHeight;","            };","        });","        // init event-handling","        ['change', 'click', 'keyup'].forEach(function (event) {","            Array.from(document.querySelectorAll('.on' + event)).forEach(function (element) {","                element.addEventListener(event, local.testRunBrowser);","            });","        });","        // run tests","        local.testRunBrowser();","        break;","","","","    // run node js-env code - post-init","    /* istanbul ignore next */","    case 'node':","        // export local","        module.exports = local;","        // require modules","        local.fs = require('fs');","        local.http = require('http');","        local.url = require('url');","        // init assets","        local.assetsDict = local.assetsDict || {};","        /* jslint-ignore-begin */","        local.assetsDict['/assets.index.template.html'] = '\\","<!doctype html>\\n\\","<html lang=\"en\">\\n\\","<head>\\n\\","<meta charset=\"UTF-8\">\\n\\","<meta name=\"viewport\" content=\"width=device-width, initial-scale=1\">\\n\\","<title>{{env.npm_package_name}} (v{{env.npm_package_version}})</title>\\n\\","<style>\\n\\","/*csslint\\n\\","    box-sizing: false,\\n\\","    universal-selector: false\\n\\","*/\\n\\","* {\\n\\","    box-sizing: border-box;\\n\\","}\\n\\","body {\\n\\","    background: #dde;\\n\\","    font-family: Arial, Helvetica, sans-serif;\\n\\","    margin: 2rem;\\n\\","}\\n\\","body > * {\\n\\","    margin-bottom: 1rem;\\n\\","}\\n\\",".utility2FooterDiv {\\n\\","    margin-top: 20px;\\n\\","    text-align: center;\\n\\","}\\n\\","</style>\\n\\","<style>\\n\\","/*csslint\\n\\","*/\\n\\","textarea {\\n\\","    font-family: monospace;\\n\\","    height: 10rem;\\n\\","    width: 100%;\\n\\","}\\n\\","textarea[readonly] {\\n\\","    background: #ddd;\\n\\","}\\n\\","</style>\\n\\","</head>\\n\\","<body>\\n\\","<!-- utility2-comment\\n\\","<div id=\"ajaxProgressDiv1\" style=\"background: #d00; height: 2px; left: 0; margin: 0; padding: 0; position: fixed; top: 0; transition: background 0.5s, width 1.5s; width: 25%;\"></div>\\n\\","utility2-comment -->\\n\\","<h1>\\n\\","<!-- utility2-comment\\n\\","    <a\\n\\","        {{#if env.npm_package_homepage}}\\n\\","        href=\"{{env.npm_package_homepage}}\"\\n\\","        {{/if env.npm_package_homepage}}\\n\\","        target=\"_blank\"\\n\\","    >\\n\\","utility2-comment -->\\n\\","        {{env.npm_package_name}} (v{{env.npm_package_version}})\\n\\","<!-- utility2-comment\\n\\","    </a>\\n\\","utility2-comment -->\\n\\","</h1>\\n\\","<h3>{{env.npm_package_description}}</h3>\\n\\","<!-- utility2-comment\\n\\","<h4><a download href=\"assets.app.js\">download standalone app</a></h4>\\n\\","<button class=\"onclick onreset\" id=\"testRunButton1\">run internal test</button><br>\\n\\","<div id=\"testReportDiv1\" style=\"display: none;\"></div>\\n\\","utility2-comment -->\\n\\","\\n\\","\\n\\","\\n\\","<label>stderr and stdout</label>\\n\\","<textarea class=\"resettable\" id=\"outputTextareaStdout1\" readonly></textarea>\\n\\","<!-- utility2-comment\\n\\","{{#if isRollup}}\\n\\","<script src=\"assets.app.js\"></script>\\n\\","{{#unless isRollup}}\\n\\","utility2-comment -->\\n\\","<script src=\"assets.utility2.rollup.js\"></script>\\n\\","<script src=\"jsonp.utility2._stateInit?callback=window.utility2._stateInit\"></script>\\n\\","<script src=\"assets.npmtest_json5.rollup.js\"></script>\\n\\","<script src=\"assets.example.js\"></script>\\n\\","<script src=\"assets.test.js\"></script>\\n\\","<!-- utility2-comment\\n\\","{{/if isRollup}}\\n\\","utility2-comment -->\\n\\","<div class=\"utility2FooterDiv\">\\n\\","    [ this app was created with\\n\\","    <a href=\"https://github.com/kaizhu256/node-utility2\" target=\"_blank\">utility2</a>\\n\\","    ]\\n\\","</div>\\n\\","</body>\\n\\","</html>\\n\\","';","        /* jslint-ignore-end */","        if (local.templateRender) {","            local.assetsDict['/'] = local.templateRender(","                local.assetsDict['/assets.index.template.html'],","                {","                    env: local.objectSetDefault(local.env, {","                        npm_package_description: 'the greatest app in the world!',","                        npm_package_name: 'my-app',","                        npm_package_nameAlias: 'my_app',","                        npm_package_version: '0.0.1'","                    })","                }","            );","        } else {","            local.assetsDict['/'] = local.assetsDict['/assets.index.template.html']","                .replace((/\\{\\{env\\.(\\w+?)\\}\\}/g), function (match0, match1) {","                    // jslint-hack","                    String(match0);","                    switch (match1) {","                    case 'npm_package_description':","                        return 'the greatest app in the world!';","                    case 'npm_package_name':","                        return 'my-app';","                    case 'npm_package_nameAlias':","                        return 'my_app';","                    case 'npm_package_version':","                        return '0.0.1';","                    }","                });","        }","        // run the cli","        if (local.global.utility2_rollup || module !== require.main) {","            break;","        }","        local.assetsDict['/assets.example.js'] =","            local.assetsDict['/assets.example.js'] ||","            local.fs.readFileSync(__filename, 'utf8');","        // bug-workaround - long $npm_package_buildCustomOrg","        /* jslint-ignore-begin */","        local.assetsDict['/assets.npmtest_json5.rollup.js'] =","            local.assetsDict['/assets.npmtest_json5.rollup.js'] ||","            local.fs.readFileSync(","                local.npmtest_json5.__dirname + '/lib.npmtest_json5.js',","                'utf8'","            ).replace((/^#!/), '//');","        /* jslint-ignore-end */","        local.assetsDict['/favicon.ico'] = local.assetsDict['/favicon.ico'] || '';","        // if $npm_config_timeout_exit exists,","        // then exit this process after $npm_config_timeout_exit ms","        if (Number(process.env.npm_config_timeout_exit)) {","            setTimeout(process.exit, Number(process.env.npm_config_timeout_exit));","        }","        // start server","        if (local.global.utility2_serverHttp1) {","            break;","        }","        process.env.PORT = process.env.PORT || '8081';","        console.error('server starting on port ' + process.env.PORT);","        local.http.createServer(function (request, response) {","            request.urlParsed = local.url.parse(request.url);","            if (local.assetsDict[request.urlParsed.pathname] !== undefined) {","                response.end(local.assetsDict[request.urlParsed.pathname]);","                return;","            }","            response.statusCode = 404;","            response.end();","        }).listen(process.env.PORT);","        break;","    }","}());",""],"l":{"26":2,"28":2,"33":2,"35":2,"37":2,"38":2,"39":2,"44":1,"51":2,"55":2,"59":2,"61":2,"69":1,"70":2,"76":2,"79":2,"82":2,"83":2,"85":1,"89":2,"92":1,"93":1,"94":1,"96":1,"97":1,"100":1,"101":1,"103":1,"106":1,"108":2,"114":1,"116":1,"118":1,"123":1,"124":2,"125":2,"126":3,"127":3,"128":3,"129":3,"130":1,"133":3,"134":3,"139":3,"143":1,"144":3,"145":1,"149":1,"150":1,"158":1,"160":1,"161":1,"162":1,"164":1,"166":1,"258":1,"259":1,"271":1,"274":6,"275":6,"277":1,"279":2,"281":1,"283":2,"288":1,"289":1,"291":1,"296":1,"303":1,"306":1,"307":1,"310":1,"311":1,"313":1,"314":1,"315":1,"316":1,"317":1,"318":1,"319":1,"321":1,"322":1,"324":1}},"/home/travis/build/npmtest/node-npmtest-json5/node_modules/json5/lib/json5.js":{"path":"/home/travis/build/npmtest/node-npmtest-json5/node_modules/json5/lib/json5.js","s":{"1":1,"2":1,"3":1,"4":0,"5":0,"6":0,"7":0,"8":0,"9":0,"10":0,"11":0,"12":0,"13":0,"14":0,"15":0,"16":0,"17":0,"18":0,"19":0,"20":0,"21":0,"22":0,"23":0,"24":0,"25":0,"26":0,"27":0,"28":0,"29":0,"30":0,"31":0,"32":0,"33":0,"34":0,"35":0,"36":0,"37":0,"38":0,"39":0,"40":0,"41":0,"42":0,"43":0,"44":0,"45":0,"46":0,"47":0,"48":0,"49":0,"50":0,"51":0,"52":0,"53":0,"54":0,"55":0,"56":0,"57":0,"58":0,"59":0,"60":0,"61":0,"62":0,"63":0,"64":0,"65":0,"66":0,"67":0,"68":0,"69":0,"70":0,"71":0,"72":0,"73":0,"74":0,"75":0,"76":0,"77":0,"78":0,"79":0,"80":0,"81":0,"82":0,"83":0,"84":0,"85":0,"86":0,"87":0,"88":0,"89":0,"90":0,"91":0,"92":0,"93":0,"94":0,"95":0,"96":0,"97":0,"98":0,"99":0,"100":0,"101":0,"102":0,"103":0,"104":0,"105":0,"106":0,"107":0,"108":0,"109":0,"110":0,"111":0,"112":0,"113":0,"114":0,"115":0,"116":0,"117":0,"118":0,"119":0,"120":0,"121":0,"122":0,"123":0,"124":0,"125":0,"126":0,"127":0,"128":0,"129":0,"130":0,"131":0,"132":0,"133":0,"134":0,"135":0,"136":0,"137":0,"138":0,"139":0,"140":0,"141":0,"142":0,"143":0,"144":0,"145":0,"146":0,"147":0,"148":0,"149":0,"150":0,"151":0,"152":0,"153":0,"154":0,"155":0,"156":0,"157":0,"158":0,"159":0,"160":0,"161":0,"162":0,"163":0,"164":0,"165":0,"166":0,"167":0,"168":0,"169":0,"170":0,"171":0,"172":0,"173":0,"174":0,"175":0,"176":0,"177":0,"178":0,"179":0,"180":0,"181":0,"182":0,"183":0,"184":0,"185":0,"186":0,"187":0,"188":0,"189":0,"190":0,"191":0,"192":0,"193":0,"194":0,"195":0,"196":0,"197":0,"198":0,"199":0,"200":0,"201":0,"202":0,"203":0,"204":0,"205":0,"206":1,"207":0,"208":0,"209":0,"210":0,"211":0,"212":0,"213":0,"214":1,"215":0,"216":0,"217":0,"218":0,"219":0,"220":0,"221":0,"222":0,"223":0,"224":0,"225":0,"226":0,"227":0,"228":0,"229":0,"230":0,"231":0,"232":0,"233":0,"234":0,"235":1,"236":0,"237":0,"238":0,"239":0,"240":0,"241":0,"242":0,"243":0,"244":0,"245":0,"246":0,"247":0,"248":0,"249":1,"250":0,"251":1,"252":0,"253":1,"254":0,"255":0,"256":0,"257":0,"258":0,"259":0,"260":0,"261":0,"262":0,"263":0,"264":0,"265":1,"266":0,"267":0,"268":0,"269":1,"270":0,"271":0,"272":1,"273":0,"274":0,"275":0,"276":1,"277":0,"278":0,"279":0,"280":0,"281":0,"282":0,"283":0,"284":0,"285":0,"286":0,"287":0,"288":0,"289":0,"290":0,"291":0,"292":1,"293":0,"294":0,"295":0,"296":0,"297":1,"298":0,"299":0,"300":0,"301":0,"302":0,"303":0,"304":0,"305":0,"306":0,"307":0,"308":0,"309":0,"310":0,"311":0,"312":0,"313":0,"314":0,"315":0,"316":0,"317":0,"318":0,"319":0,"320":0,"321":0,"322":0,"323":0,"324":0,"325":0,"326":0,"327":0,"328":0,"329":0,"330":0,"331":0,"332":0,"333":0,"334":0,"335":0,"336":0,"337":0,"338":0,"339":0,"340":0,"341":0,"342":0,"343":0,"344":0,"345":0,"346":0,"347":0,"348":0,"349":0,"350":0},"b":{"1":[1,0],"2":[0,0],"3":[0,0],"4":[0,0],"5":[0,0],"6":[0,0,0],"7":[0,0],"8":[0,0,0,0,0,0],"9":[0,0,0,0,0,0,0,0,0],"10":[0,0],"11":[0,0],"12":[0,0],"13":[0,0],"14":[0,0],"15":[0,0],"16":[0,0],"17":[0,0],"18":[0,0],"19":[0,0],"20":[0,0],"21":[0,0],"22":[0,0],"23":[0,0],"24":[0,0],"25":[0,0],"26":[0,0,0],"27":[0,0],"28":[0,0],"29":[0,0],"30":[0,0],"31":[0,0],"32":[0,0,0,0,0,0],"33":[0,0],"34":[0,0],"35":[0,0],"36":[0,0],"37":[0,0],"38":[0,0],"39":[0,0],"40":[0,0],"41":[0,0],"42":[0,0],"43":[0,0],"44":[0,0],"45":[0,0],"46":[0,0],"47":[0,0],"48":[0,0],"49":[0,0],"50":[0,0],"51":[0,0],"52":[0,0],"53":[0,0],"54":[0,0],"55":[0,0,0,0,0],"56":[0,0],"57":[0,0],"58":[0,0],"59":[0,0],"60":[0,0],"61":[0,0],"62":[0,0],"63":[0,0],"64":[0,0],"65":[0,0,0,0,0,0,0,0],"66":[0,0],"67":[0,0],"68":[0,0],"69":[0,0],"70":[0,0],"71":[0,0],"72":[0,0],"73":[0,0],"74":[0,0],"75":[0,0,0],"76":[0,0],"77":[0,0,0],"78":[0,0],"79":[0,0],"80":[0,0],"81":[0,0,0],"82":[0,0,0,0,0,0,0,0],"83":[0,0,0,0,0,0],"84":[0,0],"85":[0,0],"86":[0,0],"87":[0,0],"88":[0,0],"89":[0,0],"90":[0,0],"91":[0,0],"92":[0,0],"93":[0,0],"94":[0,0],"95":[0,0],"96":[0,0],"97":[0,0],"98":[0,0],"99":[0,0],"100":[0,0,0,0,0],"101":[0,0],"102":[0,0],"103":[0,0],"104":[0,0],"105":[0,0],"106":[0,0],"107":[0,0],"108":[0,0],"109":[0,0],"110":[0,0],"111":[0,0],"112":[0,0],"113":[0,0],"114":[0,0],"115":[0,0],"116":[0,0]},"f":{"1":1,"2":0,"3":0,"4":0,"5":0,"6":0,"7":0,"8":0,"9":0,"10":0,"11":0,"12":0,"13":0,"14":0,"15":0,"16":0,"17":0,"18":0,"19":0,"20":0,"21":0,"22":0,"23":0,"24":0,"25":0,"26":0,"27":0,"28":0,"29":0,"30":0},"fnMap":{"1":{"name":"(anonymous_1)","line":9,"loc":{"start":{"line":9,"column":15},"end":{"line":9,"column":27}}},"2":{"name":"(anonymous_2)","line":48,"loc":{"start":{"line":48,"column":21},"end":{"line":48,"column":36}}},"3":{"name":"(anonymous_3)","line":52,"loc":{"start":{"line":52,"column":16},"end":{"line":52,"column":29}}},"4":{"name":"(anonymous_4)","line":67,"loc":{"start":{"line":67,"column":15},"end":{"line":67,"column":28}}},"5":{"name":"(anonymous_5)","line":88,"loc":{"start":{"line":88,"column":15},"end":{"line":88,"column":27}}},"6":{"name":"(anonymous_6)","line":96,"loc":{"start":{"line":96,"column":21},"end":{"line":96,"column":33}}},"7":{"name":"(anonymous_7)","line":127,"loc":{"start":{"line":127,"column":17},"end":{"line":127,"column":29}}},"8":{"name":"(anonymous_8)","line":218,"loc":{"start":{"line":218,"column":17},"end":{"line":218,"column":29}}},"9":{"name":"(anonymous_9)","line":271,"loc":{"start":{"line":271,"column":24},"end":{"line":271,"column":36}}},"10":{"name":"(anonymous_10)","line":290,"loc":{"start":{"line":290,"column":23},"end":{"line":290,"column":35}}},"11":{"name":"(anonymous_11)","line":315,"loc":{"start":{"line":315,"column":18},"end":{"line":315,"column":30}}},"12":{"name":"(anonymous_12)","line":335,"loc":{"start":{"line":335,"column":16},"end":{"line":335,"column":28}}},"13":{"name":"(anonymous_13)","line":353,"loc":{"start":{"line":353,"column":15},"end":{"line":353,"column":27}}},"14":{"name":"(anonymous_14)","line":398,"loc":{"start":{"line":398,"column":16},"end":{"line":398,"column":28}}},"15":{"name":"(anonymous_15)","line":433,"loc":{"start":{"line":433,"column":17},"end":{"line":433,"column":29}}},"16":{"name":"(anonymous_16)","line":474,"loc":{"start":{"line":474,"column":12},"end":{"line":474,"column":24}}},"17":{"name":"(anonymous_17)","line":500,"loc":{"start":{"line":500,"column":11},"end":{"line":500,"column":38}}},"18":{"name":"walk","line":520,"loc":{"start":{"line":520,"column":48},"end":{"line":520,"column":75}}},"19":{"name":"(anonymous_19)","line":540,"loc":{"start":{"line":540,"column":18},"end":{"line":540,"column":50}}},"20":{"name":"(anonymous_20)","line":544,"loc":{"start":{"line":544,"column":38},"end":{"line":544,"column":72}}},"21":{"name":"isWordChar","line":567,"loc":{"start":{"line":567,"column":4},"end":{"line":567,"column":27}}},"22":{"name":"isWordStart","line":574,"loc":{"start":{"line":574,"column":4},"end":{"line":574,"column":28}}},"23":{"name":"isWord","line":580,"loc":{"start":{"line":580,"column":4},"end":{"line":580,"column":25}}},"24":{"name":"isArray","line":601,"loc":{"start":{"line":601,"column":4},"end":{"line":601,"column":26}}},"25":{"name":"isDate","line":609,"loc":{"start":{"line":609,"column":4},"end":{"line":609,"column":25}}},"26":{"name":"checkForCircular","line":614,"loc":{"start":{"line":614,"column":4},"end":{"line":614,"column":35}}},"27":{"name":"makeIndent","line":622,"loc":{"start":{"line":622,"column":4},"end":{"line":622,"column":45}}},"28":{"name":"escapeString","line":664,"loc":{"start":{"line":664,"column":4},"end":{"line":664,"column":34}}},"29":{"name":"(anonymous_29)","line":671,"loc":{"start":{"line":671,"column":72},"end":{"line":671,"column":85}}},"30":{"name":"internalStringify","line":680,"loc":{"start":{"line":680,"column":4},"end":{"line":680,"column":56}}}},"statementMap":{"1":{"start":{"line":7,"column":0},"end":{"line":7,"column":57}},"2":{"start":{"line":9,"column":0},"end":{"line":537,"column":5}},"3":{"start":{"line":20,"column":4},"end":{"line":472,"column":10}},"4":{"start":{"line":49,"column":12},"end":{"line":49,"column":56}},"5":{"start":{"line":56,"column":12},"end":{"line":56,"column":42}},"6":{"start":{"line":58,"column":12},"end":{"line":58,"column":175}},"7":{"start":{"line":59,"column":12},"end":{"line":59,"column":26}},"8":{"start":{"line":62,"column":12},"end":{"line":62,"column":42}},"9":{"start":{"line":63,"column":12},"end":{"line":63,"column":46}},"10":{"start":{"line":64,"column":12},"end":{"line":64,"column":24}},"11":{"start":{"line":71,"column":12},"end":{"line":73,"column":13}},"12":{"start":{"line":72,"column":16},"end":{"line":72,"column":85}},"13":{"start":{"line":78,"column":12},"end":{"line":78,"column":33}},"14":{"start":{"line":79,"column":12},"end":{"line":79,"column":17}},"15":{"start":{"line":80,"column":12},"end":{"line":80,"column":27}},"16":{"start":{"line":81,"column":12},"end":{"line":84,"column":13}},"17":{"start":{"line":82,"column":16},"end":{"line":82,"column":29}},"18":{"start":{"line":83,"column":16},"end":{"line":83,"column":33}},"19":{"start":{"line":85,"column":12},"end":{"line":85,"column":22}},"20":{"start":{"line":93,"column":12},"end":{"line":93,"column":35}},"21":{"start":{"line":106,"column":12},"end":{"line":106,"column":25}},"22":{"start":{"line":109,"column":12},"end":{"line":113,"column":13}},"23":{"start":{"line":112,"column":16},"end":{"line":112,"column":56}},"24":{"start":{"line":116,"column":12},"end":{"line":122,"column":13}},"25":{"start":{"line":121,"column":16},"end":{"line":121,"column":26}},"26":{"start":{"line":124,"column":12},"end":{"line":124,"column":23}},"27":{"start":{"line":131,"column":12},"end":{"line":134,"column":26}},"28":{"start":{"line":136,"column":12},"end":{"line":139,"column":13}},"29":{"start":{"line":137,"column":16},"end":{"line":137,"column":26}},"30":{"start":{"line":138,"column":16},"end":{"line":138,"column":25}},"31":{"start":{"line":142,"column":12},"end":{"line":148,"column":13}},"32":{"start":{"line":143,"column":16},"end":{"line":143,"column":32}},"33":{"start":{"line":144,"column":16},"end":{"line":146,"column":17}},"34":{"start":{"line":145,"column":20},"end":{"line":145,"column":56}},"35":{"start":{"line":147,"column":16},"end":{"line":147,"column":57}},"36":{"start":{"line":151,"column":12},"end":{"line":158,"column":13}},"37":{"start":{"line":152,"column":14},"end":{"line":152,"column":30}},"38":{"start":{"line":153,"column":14},"end":{"line":155,"column":15}},"39":{"start":{"line":154,"column":16},"end":{"line":154,"column":49}},"40":{"start":{"line":157,"column":14},"end":{"line":157,"column":28}},"41":{"start":{"line":160,"column":12},"end":{"line":170,"column":13}},"42":{"start":{"line":161,"column":16},"end":{"line":161,"column":29}},"43":{"start":{"line":162,"column":16},"end":{"line":162,"column":23}},"44":{"start":{"line":163,"column":16},"end":{"line":169,"column":17}},"45":{"start":{"line":164,"column":20},"end":{"line":164,"column":33}},"46":{"start":{"line":165,"column":20},"end":{"line":165,"column":27}},"47":{"start":{"line":166,"column":20},"end":{"line":166,"column":30}},"48":{"start":{"line":167,"column":23},"end":{"line":169,"column":17}},"49":{"start":{"line":168,"column":20},"end":{"line":168,"column":43}},"50":{"start":{"line":172,"column":12},"end":{"line":203,"column":13}},"51":{"start":{"line":174,"column":16},"end":{"line":177,"column":17}},"52":{"start":{"line":175,"column":20},"end":{"line":175,"column":33}},"53":{"start":{"line":176,"column":20},"end":{"line":176,"column":27}},"54":{"start":{"line":178,"column":16},"end":{"line":183,"column":17}},"55":{"start":{"line":179,"column":20},"end":{"line":179,"column":34}},"56":{"start":{"line":180,"column":20},"end":{"line":182,"column":21}},"57":{"start":{"line":181,"column":24},"end":{"line":181,"column":37}},"58":{"start":{"line":184,"column":16},"end":{"line":195,"column":17}},"59":{"start":{"line":185,"column":20},"end":{"line":185,"column":33}},"60":{"start":{"line":186,"column":20},"end":{"line":186,"column":27}},"61":{"start":{"line":187,"column":20},"end":{"line":190,"column":21}},"62":{"start":{"line":188,"column":24},"end":{"line":188,"column":37}},"63":{"start":{"line":189,"column":24},"end":{"line":189,"column":31}},"64":{"start":{"line":191,"column":20},"end":{"line":194,"column":21}},"65":{"start":{"line":192,"column":24},"end":{"line":192,"column":37}},"66":{"start":{"line":193,"column":24},"end":{"line":193,"column":31}},"67":{"start":{"line":196,"column":16},"end":{"line":196,"column":22}},"68":{"start":{"line":198,"column":16},"end":{"line":201,"column":17}},"69":{"start":{"line":199,"column":20},"end":{"line":199,"column":33}},"70":{"start":{"line":200,"column":20},"end":{"line":200,"column":27}},"71":{"start":{"line":202,"column":16},"end":{"line":202,"column":22}},"72":{"start":{"line":205,"column":12},"end":{"line":209,"column":13}},"73":{"start":{"line":206,"column":16},"end":{"line":206,"column":33}},"74":{"start":{"line":208,"column":16},"end":{"line":208,"column":33}},"75":{"start":{"line":211,"column":12},"end":{"line":215,"column":13}},"76":{"start":{"line":212,"column":16},"end":{"line":212,"column":36}},"77":{"start":{"line":214,"column":16},"end":{"line":214,"column":30}},"78":{"start":{"line":222,"column":12},"end":{"line":226,"column":22}},"79":{"start":{"line":230,"column":12},"end":{"line":267,"column":13}},"80":{"start":{"line":231,"column":16},"end":{"line":231,"column":27}},"81":{"start":{"line":232,"column":16},"end":{"line":266,"column":17}},"82":{"start":{"line":233,"column":20},"end":{"line":265,"column":21}},"83":{"start":{"line":234,"column":24},"end":{"line":234,"column":31}},"84":{"start":{"line":235,"column":24},"end":{"line":235,"column":38}},"85":{"start":{"line":236,"column":27},"end":{"line":265,"column":21}},"86":{"start":{"line":237,"column":24},"end":{"line":237,"column":31}},"87":{"start":{"line":238,"column":24},"end":{"line":256,"column":25}},"88":{"start":{"line":239,"column":28},"end":{"line":239,"column":38}},"89":{"start":{"line":240,"column":28},"end":{"line":246,"column":29}},"90":{"start":{"line":241,"column":32},"end":{"line":241,"column":59}},"91":{"start":{"line":242,"column":32},"end":{"line":244,"column":33}},"92":{"start":{"line":243,"column":36},"end":{"line":243,"column":42}},"93":{"start":{"line":245,"column":32},"end":{"line":245,"column":57}},"94":{"start":{"line":247,"column":28},"end":{"line":247,"column":65}},"95":{"start":{"line":248,"column":31},"end":{"line":256,"column":25}},"96":{"start":{"line":249,"column":28},"end":{"line":251,"column":29}},"97":{"start":{"line":250,"column":32},"end":{"line":250,"column":39}},"98":{"start":{"line":252,"column":31},"end":{"line":256,"column":25}},"99":{"start":{"line":253,"column":28},"end":{"line":253,"column":50}},"100":{"start":{"line":255,"column":28},"end":{"line":255,"column":34}},"101":{"start":{"line":257,"column":27},"end":{"line":265,"column":21}},"102":{"start":{"line":262,"column":24},"end":{"line":262,"column":30}},"103":{"start":{"line":264,"column":24},"end":{"line":264,"column":37}},"104":{"start":{"line":268,"column":12},"end":{"line":268,"column":32}},"105":{"start":{"line":277,"column":12},"end":{"line":279,"column":13}},"106":{"start":{"line":278,"column":16},"end":{"line":278,"column":47}},"107":{"start":{"line":281,"column":12},"end":{"line":287,"column":25}},"108":{"start":{"line":282,"column":16},"end":{"line":282,"column":23}},"109":{"start":{"line":283,"column":16},"end":{"line":286,"column":17}},"110":{"start":{"line":284,"column":20},"end":{"line":284,"column":27}},"111":{"start":{"line":285,"column":20},"end":{"line":285,"column":27}},"112":{"start":{"line":297,"column":12},"end":{"line":299,"column":13}},"113":{"start":{"line":298,"column":16},"end":{"line":298,"column":45}},"114":{"start":{"line":301,"column":12},"end":{"line":310,"column":25}},"115":{"start":{"line":302,"column":16},"end":{"line":302,"column":23}},"116":{"start":{"line":303,"column":16},"end":{"line":309,"column":17}},"117":{"start":{"line":304,"column":20},"end":{"line":304,"column":30}},"118":{"start":{"line":305,"column":20},"end":{"line":308,"column":21}},"119":{"start":{"line":306,"column":24},"end":{"line":306,"column":34}},"120":{"start":{"line":307,"column":24},"end":{"line":307,"column":31}},"121":{"start":{"line":312,"column":12},"end":{"line":312,"column":48}},"122":{"start":{"line":320,"column":12},"end":{"line":322,"column":13}},"123":{"start":{"line":321,"column":16},"end":{"line":321,"column":39}},"124":{"start":{"line":324,"column":12},"end":{"line":324,"column":22}},"125":{"start":{"line":326,"column":12},"end":{"line":332,"column":13}},"126":{"start":{"line":327,"column":16},"end":{"line":327,"column":32}},"127":{"start":{"line":328,"column":19},"end":{"line":332,"column":13}},"128":{"start":{"line":329,"column":16},"end":{"line":329,"column":31}},"129":{"start":{"line":331,"column":16},"end":{"line":331,"column":46}},"130":{"start":{"line":342,"column":12},"end":{"line":350,"column":13}},"131":{"start":{"line":343,"column":16},"end":{"line":349,"column":17}},"132":{"start":{"line":344,"column":20},"end":{"line":344,"column":30}},"133":{"start":{"line":345,"column":23},"end":{"line":349,"column":17}},"134":{"start":{"line":346,"column":20},"end":{"line":346,"column":27}},"135":{"start":{"line":348,"column":20},"end":{"line":348,"column":27}},"136":{"start":{"line":357,"column":12},"end":{"line":392,"column":13}},"137":{"start":{"line":359,"column":16},"end":{"line":359,"column":26}},"138":{"start":{"line":360,"column":16},"end":{"line":360,"column":26}},"139":{"start":{"line":361,"column":16},"end":{"line":361,"column":26}},"140":{"start":{"line":362,"column":16},"end":{"line":362,"column":26}},"141":{"start":{"line":363,"column":16},"end":{"line":363,"column":28}},"142":{"start":{"line":365,"column":16},"end":{"line":365,"column":26}},"143":{"start":{"line":366,"column":16},"end":{"line":366,"column":26}},"144":{"start":{"line":367,"column":16},"end":{"line":367,"column":26}},"145":{"start":{"line":368,"column":16},"end":{"line":368,"column":26}},"146":{"start":{"line":369,"column":16},"end":{"line":369,"column":26}},"147":{"start":{"line":370,"column":16},"end":{"line":370,"column":29}},"148":{"start":{"line":372,"column":16},"end":{"line":372,"column":26}},"149":{"start":{"line":373,"column":16},"end":{"line":373,"column":26}},"150":{"start":{"line":374,"column":16},"end":{"line":374,"column":26}},"151":{"start":{"line":375,"column":16},"end":{"line":375,"column":26}},"152":{"start":{"line":376,"column":16},"end":{"line":376,"column":28}},"153":{"start":{"line":378,"column":16},"end":{"line":378,"column":26}},"154":{"start":{"line":379,"column":16},"end":{"line":379,"column":26}},"155":{"start":{"line":380,"column":16},"end":{"line":380,"column":26}},"156":{"start":{"line":381,"column":16},"end":{"line":381,"column":26}},"157":{"start":{"line":382,"column":16},"end":{"line":382,"column":26}},"158":{"start":{"line":383,"column":16},"end":{"line":383,"column":26}},"159":{"start":{"line":384,"column":16},"end":{"line":384,"column":26}},"160":{"start":{"line":385,"column":16},"end":{"line":385,"column":26}},"161":{"start":{"line":386,"column":16},"end":{"line":386,"column":32}},"162":{"start":{"line":388,"column":14},"end":{"line":388,"column":26}},"163":{"start":{"line":389,"column":14},"end":{"line":389,"column":26}},"164":{"start":{"line":390,"column":14},"end":{"line":390,"column":26}},"165":{"start":{"line":391,"column":14},"end":{"line":391,"column":25}},"166":{"start":{"line":393,"column":12},"end":{"line":393,"column":50}},"167":{"start":{"line":402,"column":12},"end":{"line":402,"column":27}},"168":{"start":{"line":404,"column":12},"end":{"line":429,"column":13}},"169":{"start":{"line":405,"column":16},"end":{"line":405,"column":26}},"170":{"start":{"line":406,"column":16},"end":{"line":406,"column":24}},"171":{"start":{"line":407,"column":16},"end":{"line":428,"column":17}},"172":{"start":{"line":408,"column":20},"end":{"line":411,"column":21}},"173":{"start":{"line":409,"column":24},"end":{"line":409,"column":34}},"174":{"start":{"line":410,"column":24},"end":{"line":410,"column":37}},"175":{"start":{"line":414,"column":20},"end":{"line":418,"column":21}},"176":{"start":{"line":415,"column":24},"end":{"line":415,"column":55}},"177":{"start":{"line":417,"column":24},"end":{"line":417,"column":44}},"178":{"start":{"line":419,"column":20},"end":{"line":419,"column":28}},"179":{"start":{"line":422,"column":20},"end":{"line":425,"column":21}},"180":{"start":{"line":423,"column":24},"end":{"line":423,"column":34}},"181":{"start":{"line":424,"column":24},"end":{"line":424,"column":37}},"182":{"start":{"line":426,"column":20},"end":{"line":426,"column":30}},"183":{"start":{"line":427,"column":20},"end":{"line":427,"column":28}},"184":{"start":{"line":430,"column":12},"end":{"line":430,"column":31}},"185":{"start":{"line":437,"column":12},"end":{"line":438,"column":28}},"186":{"start":{"line":440,"column":12},"end":{"line":470,"column":13}},"187":{"start":{"line":441,"column":16},"end":{"line":441,"column":26}},"188":{"start":{"line":442,"column":16},"end":{"line":442,"column":24}},"189":{"start":{"line":443,"column":16},"end":{"line":469,"column":17}},"190":{"start":{"line":444,"column":20},"end":{"line":447,"column":21}},"191":{"start":{"line":445,"column":24},"end":{"line":445,"column":34}},"192":{"start":{"line":446,"column":24},"end":{"line":446,"column":38}},"193":{"start":{"line":451,"column":20},"end":{"line":455,"column":21}},"194":{"start":{"line":452,"column":24},"end":{"line":452,"column":39}},"195":{"start":{"line":454,"column":24},"end":{"line":454,"column":43}},"196":{"start":{"line":457,"column":20},"end":{"line":457,"column":28}},"197":{"start":{"line":458,"column":20},"end":{"line":458,"column":30}},"198":{"start":{"line":459,"column":20},"end":{"line":459,"column":42}},"199":{"start":{"line":460,"column":20},"end":{"line":460,"column":28}},"200":{"start":{"line":463,"column":20},"end":{"line":466,"column":21}},"201":{"start":{"line":464,"column":24},"end":{"line":464,"column":34}},"202":{"start":{"line":465,"column":24},"end":{"line":465,"column":38}},"203":{"start":{"line":467,"column":20},"end":{"line":467,"column":30}},"204":{"start":{"line":468,"column":20},"end":{"line":468,"column":28}},"205":{"start":{"line":471,"column":12},"end":{"line":471,"column":32}},"206":{"start":{"line":474,"column":4},"end":{"line":495,"column":6}},"207":{"start":{"line":479,"column":8},"end":{"line":479,"column":16}},"208":{"start":{"line":480,"column":8},"end":{"line":494,"column":9}},"209":{"start":{"line":482,"column":12},"end":{"line":482,"column":28}},"210":{"start":{"line":484,"column":12},"end":{"line":484,"column":27}},"211":{"start":{"line":487,"column":12},"end":{"line":487,"column":28}},"212":{"start":{"line":491,"column":12},"end":{"line":491,"column":28}},"213":{"start":{"line":493,"column":12},"end":{"line":493,"column":62}},"214":{"start":{"line":500,"column":4},"end":{"line":536,"column":6}},"215":{"start":{"line":501,"column":8},"end":{"line":501,"column":19}},"216":{"start":{"line":503,"column":8},"end":{"line":503,"column":30}},"217":{"start":{"line":504,"column":8},"end":{"line":504,"column":15}},"218":{"start":{"line":505,"column":8},"end":{"line":505,"column":23}},"219":{"start":{"line":506,"column":8},"end":{"line":506,"column":25}},"220":{"start":{"line":507,"column":8},"end":{"line":507,"column":17}},"221":{"start":{"line":508,"column":8},"end":{"line":508,"column":25}},"222":{"start":{"line":509,"column":8},"end":{"line":509,"column":16}},"223":{"start":{"line":510,"column":8},"end":{"line":512,"column":9}},"224":{"start":{"line":511,"column":12},"end":{"line":511,"column":34}},"225":{"start":{"line":520,"column":8},"end":{"line":535,"column":38}},"226":{"start":{"line":521,"column":12},"end":{"line":521,"column":42}},"227":{"start":{"line":522,"column":12},"end":{"line":533,"column":13}},"228":{"start":{"line":523,"column":16},"end":{"line":532,"column":17}},"229":{"start":{"line":524,"column":20},"end":{"line":531,"column":21}},"230":{"start":{"line":525,"column":24},"end":{"line":525,"column":43}},"231":{"start":{"line":526,"column":24},"end":{"line":530,"column":25}},"232":{"start":{"line":527,"column":28},"end":{"line":527,"column":41}},"233":{"start":{"line":529,"column":28},"end":{"line":529,"column":44}},"234":{"start":{"line":534,"column":12},"end":{"line":534,"column":52}},"235":{"start":{"line":540,"column":0},"end":{"line":770,"column":2}},"236":{"start":{"line":541,"column":4},"end":{"line":543,"column":5}},"237":{"start":{"line":542,"column":8},"end":{"line":542,"column":67}},"238":{"start":{"line":544,"column":4},"end":{"line":565,"column":6}},"239":{"start":{"line":545,"column":8},"end":{"line":545,"column":32}},"240":{"start":{"line":548,"column":8},"end":{"line":550,"column":9}},"241":{"start":{"line":549,"column":12},"end":{"line":549,"column":35}},"242":{"start":{"line":554,"column":8},"end":{"line":564,"column":9}},"243":{"start":{"line":555,"column":12},"end":{"line":555,"column":53}},"244":{"start":{"line":556,"column":15},"end":{"line":564,"column":9}},"245":{"start":{"line":557,"column":12},"end":{"line":561,"column":13}},"246":{"start":{"line":558,"column":16},"end":{"line":558,"column":29}},"247":{"start":{"line":560,"column":16},"end":{"line":560,"column":33}},"248":{"start":{"line":563,"column":12},"end":{"line":563,"column":25}},"249":{"start":{"line":567,"column":4},"end":{"line":572,"column":5}},"250":{"start":{"line":568,"column":8},"end":{"line":571,"column":35}},"251":{"start":{"line":574,"column":4},"end":{"line":578,"column":5}},"252":{"start":{"line":575,"column":8},"end":{"line":577,"column":35}},"253":{"start":{"line":580,"column":4},"end":{"line":595,"column":5}},"254":{"start":{"line":581,"column":8},"end":{"line":583,"column":9}},"255":{"start":{"line":582,"column":12},"end":{"line":582,"column":25}},"256":{"start":{"line":584,"column":8},"end":{"line":586,"column":9}},"257":{"start":{"line":585,"column":12},"end":{"line":585,"column":25}},"258":{"start":{"line":587,"column":8},"end":{"line":587,"column":39}},"259":{"start":{"line":588,"column":8},"end":{"line":593,"column":9}},"260":{"start":{"line":589,"column":12},"end":{"line":591,"column":13}},"261":{"start":{"line":590,"column":16},"end":{"line":590,"column":29}},"262":{"start":{"line":592,"column":12},"end":{"line":592,"column":16}},"263":{"start":{"line":594,"column":8},"end":{"line":594,"column":20}},"264":{"start":{"line":598,"column":4},"end":{"line":598,"column":26}},"265":{"start":{"line":601,"column":4},"end":{"line":607,"column":5}},"266":{"start":{"line":602,"column":8},"end":{"line":606,"column":9}},"267":{"start":{"line":603,"column":12},"end":{"line":603,"column":38}},"268":{"start":{"line":605,"column":12},"end":{"line":605,"column":76}},"269":{"start":{"line":609,"column":4},"end":{"line":611,"column":5}},"270":{"start":{"line":610,"column":8},"end":{"line":610,"column":71}},"271":{"start":{"line":613,"column":4},"end":{"line":613,"column":22}},"272":{"start":{"line":614,"column":4},"end":{"line":620,"column":5}},"273":{"start":{"line":615,"column":8},"end":{"line":619,"column":9}},"274":{"start":{"line":616,"column":12},"end":{"line":618,"column":13}},"275":{"start":{"line":617,"column":16},"end":{"line":617,"column":77}},"276":{"start":{"line":622,"column":4},"end":{"line":637,"column":5}},"277":{"start":{"line":623,"column":8},"end":{"line":625,"column":9}},"278":{"start":{"line":624,"column":12},"end":{"line":624,"column":22}},"279":{"start":{"line":627,"column":8},"end":{"line":629,"column":9}},"280":{"start":{"line":628,"column":12},"end":{"line":628,"column":39}},"281":{"start":{"line":631,"column":8},"end":{"line":631,"column":43}},"282":{"start":{"line":632,"column":8},"end":{"line":634,"column":9}},"283":{"start":{"line":633,"column":12},"end":{"line":633,"column":26}},"284":{"start":{"line":636,"column":8},"end":{"line":636,"column":22}},"285":{"start":{"line":639,"column":4},"end":{"line":639,"column":18}},"286":{"start":{"line":640,"column":4},"end":{"line":648,"column":5}},"287":{"start":{"line":641,"column":8},"end":{"line":647,"column":9}},"288":{"start":{"line":642,"column":12},"end":{"line":642,"column":30}},"289":{"start":{"line":643,"column":15},"end":{"line":647,"column":9}},"290":{"start":{"line":644,"column":12},"end":{"line":644,"column":53}},"291":{"start":{"line":653,"column":4},"end":{"line":663,"column":6}},"292":{"start":{"line":664,"column":4},"end":{"line":677,"column":5}},"293":{"start":{"line":670,"column":8},"end":{"line":670,"column":32}},"294":{"start":{"line":671,"column":8},"end":{"line":676,"column":38}},"295":{"start":{"line":672,"column":12},"end":{"line":672,"column":28}},"296":{"start":{"line":673,"column":12},"end":{"line":675,"column":74}},"297":{"start":{"line":680,"column":4},"end":{"line":760,"column":5}},"298":{"start":{"line":681,"column":8},"end":{"line":681,"column":24}},"299":{"start":{"line":684,"column":8},"end":{"line":684,"column":76}},"300":{"start":{"line":686,"column":8},"end":{"line":690,"column":9}},"301":{"start":{"line":689,"column":12},"end":{"line":689,"column":42}},"302":{"start":{"line":691,"column":8},"end":{"line":759,"column":9}},"303":{"start":{"line":693,"column":16},"end":{"line":693,"column":43}},"304":{"start":{"line":696,"column":16},"end":{"line":698,"column":17}},"305":{"start":{"line":697,"column":20},"end":{"line":697,"column":34}},"306":{"start":{"line":699,"column":16},"end":{"line":699,"column":43}},"307":{"start":{"line":702,"column":16},"end":{"line":702,"column":57}},"308":{"start":{"line":705,"column":16},"end":{"line":754,"column":17}},"309":{"start":{"line":706,"column":20},"end":{"line":706,"column":34}},"310":{"start":{"line":707,"column":23},"end":{"line":754,"column":17}},"311":{"start":{"line":708,"column":20},"end":{"line":708,"column":47}},"312":{"start":{"line":709,"column":20},"end":{"line":709,"column":33}},"313":{"start":{"lin
[...]
             if (ch !== ',') {","                        next(']');","                        return array;","                    }","                    next(',');","                    white();","                }","            }","            error(\"Bad array\");","        },","","        object = function () {","","// Parse an object value.","","            var key,","                object = {};","","            if (ch === '{') {","                next('{');","                white();","                while (ch) {","                    if (ch === '}') {","                        next('}');","                        return object;   // Potentially empty object","                    }","","                    // Keys can be unquoted. If they are, they need to be","                    // valid JS identifiers.","                    if (ch === '\"' || ch === \"'\") {","                        key = string();","                    } else {","                        key = identifier();","                    }","","                    white();","                    next(':');","                    object[key] = value();","                    white();","                    // If there's no comma after this pair, this needs to be","                    // the end of the object.","                    if (ch !== ',') {","                        next('}');","                        return object;","                    }","                    next(',');","                    white();","                }","            }","            error(\"Bad object\");","        };","","    value = function () {","","// Parse a JSON value. It could be an object, an array, a string, a number,","// or a word.","","        white();","        switch (ch) {","        case '{':","            return object();","        case '[':","            return array();","        case '\"':","        case \"'\":","            return string();","        case '-':","        case '+':","        case '.':","            return number();","        default:","            return ch >= '0' && ch <= '9' ? number() : word();","        }","    };","","// Return the json_parse function. It will have access to all of the above","// functions and variables.","","    return function (source, reviver) {","        var result;","","        text = String(source);","        at = 0;","        lineNumber = 1;","        columnNumber = 1;","        ch = ' ';","        result = value();","        white();","        if (ch) {","            error(\"Syntax error\");","        }","","// If there is a reviver function, we recursively walk the new structure,","// passing each name/value pair to the reviver function for possible","// transformation, starting with a temporary root object that holds the result","// in an empty key. If there is not a reviver function, we simply return the","// result.","","        return typeof reviver === 'function' ? (function walk(holder, key) {","            var k, v, value = holder[key];","            if (value && typeof value === 'object') {","                for (k in value) {","                    if (Object.prototype.hasOwnProperty.call(value, k)) {","                        v = walk(value, k);","                        if (v !== undefined) {","                            value[k] = v;","                        } else {","                            delete value[k];","                        }","                    }","                }","            }","            return reviver.call(holder, key, value);","        }({'': result}, '')) : result;","    };","}());","","// JSON5 stringify will not quote keys where appropriate","JSON5.stringify = function (obj, replacer, space) {","    if (replacer && (typeof(replacer) !== \"function\" && !isArray(replacer))) {","        throw new Error('Replacer must be a function or an array');","    }","    var getReplacedValueOrUndefined = function(holder, key, isTopLevel) {","        var value = holder[key];","","        // Replace the value with its toJSON value first, if possible","        if (value && value.toJSON && typeof value.toJSON === \"function\") {","            value = value.toJSON();","        }","","        // If the user-supplied replacer if a function, call it. If it's an array, check objects' string keys for","        // presence in the array (removing the key/value pair from the resulting JSON if the key is missing).","        if (typeof(replacer) === \"function\") {","            return replacer.call(holder, key, value);","        } else if(replacer) {","            if (isTopLevel || isArray(holder) || replacer.indexOf(key) >= 0) {","                return value;","            } else {","                return undefined;","            }","        } else {","            return value;","        }","    };","","    function isWordChar(c) {","        return (c >= 'a' && c <= 'z') ||","            (c >= 'A' && c <= 'Z') ||","            (c >= '0' && c <= '9') ||","            c === '_' || c === '$';","    }","","    function isWordStart(c) {","        return (c >= 'a' && c <= 'z') ||","            (c >= 'A' && c <= 'Z') ||","            c === '_' || c === '$';","    }","","    function isWord(key) {","        if (typeof key !== 'string') {","            return false;","        }","        if (!isWordStart(key[0])) {","            return false;","        }","        var i = 1, length = key.length;","        while (i < length) {","            if (!isWordChar(key[i])) {","                return false;","            }","            i++;","        }","        return true;","    }","","    // export for use in tests","    JSON5.isWord = isWord;","","    // polyfills","    function isArray(obj) {","        if (Array.isArray) {","            return Array.isArray(obj);","        } else {","            return Object.prototype.toString.call(obj) === '[object Array]';","        }","    }","","    function isDate(obj) {","        return Object.prototype.toString.call(obj) === '[object Date]';","    }","","    var objStack = [];","    function checkForCircular(obj) {","        for (var i = 0; i < objStack.length; i++) {","            if (objStack[i] === obj) {","                throw new TypeError(\"Converting circular structure to JSON\");","            }","        }","    }","","    function makeIndent(str, num, noNewLine) {","        if (!str) {","            return \"\";","        }","        // indentation no more than 10 chars","        if (str.length > 10) {","            str = str.substring(0, 10);","        }","","        var indent = noNewLine ? \"\" : \"\\n\";","        for (var i = 0; i < num; i++) {","            indent += str;","        }","","        return indent;","    }","","    var indentStr;","    if (space) {","        if (typeof space === \"string\") {","            indentStr = space;","        } else if (typeof space === \"number\" && space >= 0) {","            indentStr = makeIndent(\" \", space, true);","        } else {","            // ignore space parameter","        }","    }","","    // Copied from Crokford's implementation of JSON","    // See https://github.com/douglascrockford/JSON-js/blob/e39db4b7e6249f04a195e7dd0840e610cc9e941e/json2.js#L195","    // Begin","    var cx = /[\\u0000\\u00ad\\u0600-\\u0604\\u070f\\u17b4\\u17b5\\u200c-\\u200f\\u2028-\\u202f\\u2060-\\u206f\\ufeff\\ufff0-\\uffff]/g,","        escapable = /[\\\\\\\"\\x00-\\x1f\\x7f-\\x9f\\u00ad\\u0600-\\u0604\\u070f\\u17b4\\u17b5\\u200c-\\u200f\\u2028-\\u202f\\u2060-\\u206f\\ufeff\\ufff0-\\uffff]/g,","        meta = { // table of character substitutions","        '\\b': '\\\\b',","        '\\t': '\\\\t',","        '\\n': '\\\\n',","        '\\f': '\\\\f',","        '\\r': '\\\\r',","        '\"' : '\\\\\"',","        '\\\\': '\\\\\\\\'","    };","    function escapeString(string) {","","// If the string contains no control characters, no quote characters, and no","// backslash characters, then we can safely slap some quotes around it.","// Otherwise we must also replace the offending characters with safe escape","// sequences.","        escapable.lastIndex = 0;","        return escapable.test(string) ? '\"' + string.replace(escapable, function (a) {","            var c = meta[a];","            return typeof c === 'string' ?","                c :","                '\\\\u' + ('0000' + a.charCodeAt(0).toString(16)).slice(-4);","        }) + '\"' : '\"' + string + '\"';","    }","    // End","","    function internalStringify(holder, key, isTopLevel) {","        var buffer, res;","","        // Replace the value, if necessary","        var obj_part = getReplacedValueOrUndefined(holder, key, isTopLevel);","","        if (obj_part && !isDate(obj_part)) {","            // unbox objects","            // don't unbox dates, since will turn it into number","            obj_part = obj_part.valueOf();","        }","        switch(typeof obj_part) {","            case \"boolean\":","                return obj_part.toString();","","            case \"number\":","                if (isNaN(obj_part) || !isFinite(obj_part)) {","                    return \"null\";","                }","                return obj_part.toString();","","            case \"string\":","                return escapeString(obj_part.toString());","","            case \"object\":","                if (obj_part === null) {","                    return \"null\";","                } else if (isArray(obj_part)) {","                    checkForCircular(obj_part);","                    buffer = \"[\";","                    objStack.push(obj_part);","","                    for (var i = 0; i < obj_part.length; i++) {","                        res = internalStringify(obj_part, i, false);","                        buffer += makeIndent(indentStr, objStack.length);","                        if (res === null || typeof res === \"undefined\") {","                            buffer += \"null\";","                        } else {","                            buffer += res;","                        }","                        if (i < obj_part.length-1) {","                            buffer += \",\";","                        } else if (indentStr) {","                            buffer += \"\\n\";","                        }","                    }","                    objStack.pop();","                    if (obj_part.length) {","                        buffer += makeIndent(indentStr, objStack.length, true)","                    }","                    buffer += \"]\";","                } else {","                    checkForCircular(obj_part);","                    buffer = \"{\";","                    var nonEmpty = false;","                    objStack.push(obj_part);","                    for (var prop in obj_part) {","                        if (obj_part.hasOwnProperty(prop)) {","                            var value = internalStringify(obj_part, prop, false);","                            isTopLevel = false;","                            if (typeof value !== \"undefined\" && value !== null) {","                                buffer += makeIndent(indentStr, objStack.length);","                                nonEmpty = true;","                                key = isWord(prop) ? prop : escapeString(prop);","                                buffer += key + \":\" + (indentStr ? ' ' : '') + value + \",\";","                            }","                        }","                    }","                    objStack.pop();","                    if (nonEmpty) {","                        buffer = buffer.substring(0, buffer.length-1) + makeIndent(indentStr, objStack.length) + \"}\";","                    } else {","                        buffer = '{}';","                    }","                }","                return buffer;","            default:","                // functions and undefined should be ignored","                return undefined;","        }","    }","","    // special case...when undefined is used inside of","    // a compound object/array, return null.","    // but when top-level, return undefined","    var topLevelHolder = {\"\":obj};","    if (obj === undefined) {","        return getReplacedValueOrUndefined(topLevelHolder, '', true);","    }","    return internalStringify(topLevelHolder, '', true);","};",""],"l":{"7":1,"9":1,"20":1,"49":0,"56":0,"58":0,"59":0,"62":0,"63":0,"64":0,"71":0,"72":0,"78":0,"79":0,"80":0,"81":0,"82":0,"83":0,"85":0,"93":0,"106":0,"109":0,"112":0,"116":0,"121":0,"124":0,"131":0,"136":0,"137":0,"138":0,"142":0,"143":0,"144":0,"145":0,"147":0,"151":0,"152":0,"153":0,"154":0,"157":0,"160":0,"161":0,"162":0,"163":0,"164":0,"165":0,"166":0,"167":0,"168":0,"172":0,"174":0,"175":0,"176":0,"178":0,"179":0,"180":0,"181":0,"184":0,"185":0,"186":0,"187":0,"188":0,"189":0,"191":0,"192":0,"193":0,"196":0,"198":0,"199":0,"200":0,"202":0,"205":0,"206":0,"208":0,"211":0,"212":0,"214":0,"222":0,"230":0,"231":0,"232":0,"233":0,"234":0,"235":0,"236":0,"237":0,"238":0,"239":0,"240":0,"241":0,"242":0,"243":0,"245":0,"247":0,"248":0,"249":0,"250":0,"252":0,"253":0,"255":0,"257":0,"262":0,"264":0,"268":0,"277":0,"278":0,"281":0,"282":0,"283":0,"284":0,"285":0,"297":0,"298":0,"301":0,"302":0,"303":0,"304":0,"305":0,"306":0,"307":0,"312":0,"320":0,"321":0,"324":0,"326":0,"327":0,"328":0,"329":0,"331":0,"342":0,"343":0,"344":0,"345":0,"346":0,"348":0,"357":0,"359":0,"360":0,"361":0,"362":0,"363":0,"365":0,"366":0,"367":0,"368":0,"369":0,"370":0,"372":0,"373":0,"374":0,"375":0,"376":0,"378":0,"379":0,"380":0,"381":0,"382":0,"383":0,"384":0,"385":0,"386":0,"388":0,"389":0,"390":0,"391":0,"393":0,"402":0,"404":0,"405":0,"406":0,"407":0,"408":0,"409":0,"410":0,"414":0,"415":0,"417":0,"419":0,"422":0,"423":0,"424":0,"426":0,"427":0,"430":0,"437":0,"440":0,"441":0,"442":0,"443":0,"444":0,"445":0,"446":0,"451":0,"452":0,"454":0,"457":0,"458":0,"459":0,"460":0,"463":0,"464":0,"465":0,"467":0,"468":0,"471":0,"474":1,"479":0,"480":0,"482":0,"484":0,"487":0,"491":0,"493":0,"500":1,"501":0,"503":0,"504":0,"505":0,"506":0,"507":0,"508":0,"509":0,"510":0,"511":0,"520":0,"521":0,"522":0,"523":0,"524":0,"525":0,"526":0,"527":0,"529":0,"534":0,"540":1,"541":0,"542":0,"544":0,"545":0,"548":0,"549":0,"554":0,"555":0,"556":0,"557":0,"558":0,"560":0,"563":0,"567":1,"568":0,"574":1,"575":0,"580":1,"581":0,"582":0,"584":0,"585":0,"587":0,"588":0,"589":0,"590":0,"592":0,"594":0,"598":0,"601":1,"602":0,"603":0,"605":0,"609":1,"610":0,"613":0,"614":1,"615":0,"616":0,"617":0,"622":1,"623":0,"624":0,"627":0,"628":0,"631":0,"632":0,"633":0,"636":0,"639":0,"640":0,"641":0,"642":0,"643":0,"644":0,"653":0,"664":1,"670":0,"671":0,"672":0,"673":0,"680":1,"681":0,"684":0,"686":0,"689":0,"691":0,"693":0,"696":0,"697":0,"699":0,"702":0,"705":0,"706":0,"707":0,"708":0,"709":0,"710":0,"712":0,"713":0,"714":0,"715":0,"716":0,"718":0,"720":0,"721":0,"722":0,"723":0,"726":0,"727":0,"728":0,"730":0,"732":0,"733":0,"734":0,"735":0,"736":0,"737":0,"738":0,"739":0,"740":0,"741":0,"742":0,"743":0,"744":0,"748":0,"749":0,"750":0,"752":0,"755":0,"758":0,"765":0,"766":0,"767":0,"769":0}},"/home/travis/build/npmtest/node-npmtest-json5/node_modules/json5/lib/cli.js":{"path":"/home/travis/build/npmtest/node-npmtest-json5/node_modules/json5/lib/cli.js","s":{"1":1,"2":1,"3":1,"4":1,"5":1,"6":1,"7":1,"8":1,"9":1,"10":1,"11":1,"12":0,"13":0,"14":0,"15":0,"16":0,"17":0,"18":0,"19":0},"b":{"1":[1,0],"2":[1,0]},"f":{"1":0},"fnMap":{"1":{"name":"(anonymous_1)","line":30,"loc":{"start":{"line":30,"column":14},"end":{"line":30,"column":30}}}},"statementMap":{"1":{"start":{"line":9,"column":0},"end":{"line":9,"column":23}},"2":{"start":{"line":10,"column":0},"end":{"line":10,"column":31}},"3":{"start":{"line":11,"column":0},"end":{"line":11,"column":27}},"4":{"start":{"line":13,"column":0},"end":{"line":16,"column":13}},"5":{"start":{"line":19,"column":0},"end":{"line":19,"column":24}},"6":{"start":{"line":21,"column":0},"end":{"line":24,"column":1}},"7":{"start":{"line":22,"column":4},"end":{"line":22,"column":25}},"8":{"start":{"line":23,"column":4},"end":{"line":23,"column":20}},"9":{"start":{"line":26,"column":0},"end":{"line":26,"column":24}},"10":{"start":{"line":27,"column":0},"end":{"line":27,"column":26}},"11":{"start":{"line":30,"column":0},"end":{"line":41,"column":3}},"12":{"start":{"line":31,"column":4},"end":{"line":31,"column":39}},"13":{"start":{"line":32,"column":4},"end":{"line":32,"column":49}},"14":{"start":{"line":33,"column":4},"end":{"line":33,"column":37}},"15":{"start":{"line":35,"column":4},"end":{"line":35,"column":46}},"16":{"start":{"line":36,"column":4},"end":{"line":36,"column":33}},"17":{"start":{"line":37,"column":4},"end":{"line":37,"column":44}},"18":{"start":{"line":39,"column":4},"end":{"line":39,"column":50}},"19":{"start":{"line":40,"column":4},"end":{"line":40,"column":41}}},"branchMap":{"1":{"line":21,"type":"if","locations":[{"start":{"line":21,"column":0},"end":{"line":21,"column":0}},{"start":{"line":21,"column":0},"end":{"line":21,"column":0}}]},"2":{"line":21,"type":"binary-expr","locations":[{"start":{"line":21,"column":4},"end":{"line":21,"column":19}},{"start":{"line":21,"column":23},"end":{"line":21,"column":39}}]}},"code":["//#!/usr/bin/env node","","// cli.js","// JSON5 command-line interface.","//","// This is pretty minimal for now; just supports compiling files via `-c`.","// TODO More useful functionality, like output path, watch, etc.?","","var FS = require('fs');","var JSON5 = require('./json5');","var Path = require('path');","","var USAGE = [","    'Usage: json5 -c path/to/file.json5 ...',","    'Compiles JSON5 files into sibling JSON files with the same basenames.',","].join('\\n');","","// if valid, args look like [node, json5, -c, file1, file2, ...]","var args = process.argv;","","if (args.length < 4 || args[2] !== '-c') {","    console.error(USAGE);","    process.exit(1);","}","","var cwd = process.cwd();","var files = args.slice(3);","","// iterate over each file and convert JSON5 files to JSON:","files.forEach(function (file) {","    var path = Path.resolve(cwd, file);","    var basename = Path.basename(path, '.json5');","    var dirname = Path.dirname(path);","","    var json5 = FS.readFileSync(path, 'utf8');","    var obj = JSON5.parse(json5);","    var json = JSON.stringify(obj, null, 4); // 4 spaces; TODO configurable?","","    path = Path.join(dirname, basename + '.json');","    FS.writeFileSync(path, json, 'utf8');","});",""],"l":{"9":1,"10":1,"11":1,"13":1,"19":1,"21":1,"22":1,"23":1,"26":1,"27":1,"30":1,"31":0,"32":0,"33":0,"35":0,"36":0,"37":0,"39":0,"40":0}},"/home/travis/build/npmtest/node-npmtest-json5/node_modules/json5/lib/require.js":{"path":"/home/travis/build/npmtest/node-npmtest-json5/node_modules/json5/lib/require.js","s":{"1":1,"2":1,"3":1,"4":0,"5":0},"b":{},"f":{"1":0},"fnMap":{"1":{"name":"(anonymous_1)","line":15,"loc":{"start":{"line":15,"column":31},"end":{"line":15,"column":59}}}},"statementMap":{"1":{"start":{"line":10,"column":0},"end":{"line":10,"column":23}},"2":{"start":{"line":11,"column":0},"end":{"line":11,"column":31}},"3":{"start":{"line":15,"column":0},"end":{"line":18,"column":2}},"4":{"start":{"line":16,"column":4},"end":{"line":16,"column":52}},"5":{"start":{"line":17,"column":4},"end":{"line":17,"column":42}}},"branchMap":{},"code":["// require.js","// Node.js only: adds a require() hook for .json5 files, just like the native","// hook for .json files.","//","// Usage:","// require('json5/require');","// require('./foo');    // will check foo.json5 after foo.js, foo.json, etc.","// require('./bar.json5');","","var FS = require('fs');","var JSON5 = require('./json5');","","// Modeled off of (v0.6.18 link; check latest too):","// https://github.com/joyent/node/blob/v0.6.18/lib/module.js#L468-L472","require.extensions['.json5'] = function (module, filename) {","    var content = FS.readFileSync(filename, 'utf8');","    module.exports = JSON5.parse(content);","};",""],"l":{"10":1,"11":1,"15":1,"16":0,"17":0}}}